host: niccolo-HP-ProBook-450-G8-Notebook-PC
Building DAG of jobs...
Creating conda environment workflow/envs/flow_analysis.yml...
Downloading and installing remote packages.
Environment for /home/niccolo/work/data_releases/data_release_chimera/plateaus/workflow/rules/../envs/flow_analysis.yml created (location: .snakemake/conda/c864d011e50ed9a97316eaea23f05e50_)
Using shell: /usr/bin/bash
Provided cores: 6
Rules claiming more threads will be scaled down.
Job stats:
job                         count
------------------------  -------
chimera_matrix_element         30
gevp_chimera_baryon_mass       30
gevp_meson_mass                60
mass_plot                       1
meson_matrix_element           60
total                         181

Select jobs to execute...
Execute 6 jobs...

[Tue Dec 10 11:57:35 2024]
localrule chimera_matrix_element:
    input: data_assets/corr_sp4_dyn_mix.h5, src/matrix_element_chimera.py
    output: intermediary_data/Sp4b6.5nF2nAS3mF-0.71mAS-1.01T48L20/chimera_extraction_sigma_even_samples.json
    jobid: 153
    reason: Missing output files: intermediary_data/Sp4b6.5nF2nAS3mF-0.71mAS-1.01T48L20/chimera_extraction_sigma_even_samples.json; Software environment definition has changed since last execution
    wildcards: Nc=4, beta=6.5, nF=2, nAS=3, mF=-0.71, mAS=-1.01, Nt=48, Ns=20, channel=sigma_even
    resources: tmpdir=/tmp

Activating conda environment: .snakemake/conda/c864d011e50ed9a97316eaea23f05e50_

[Tue Dec 10 11:57:35 2024]
localrule chimera_matrix_element:
    input: data_assets/corr_sp4_dyn_mix.h5, src/matrix_element_chimera.py
    output: intermediary_data/Sp4b6.5nF2nAS3mF-0.72mAS-1.01T64L32/chimera_extraction_sigmastar_odd_samples.json
    jobid: 180
    reason: Missing output files: intermediary_data/Sp4b6.5nF2nAS3mF-0.72mAS-1.01T64L32/chimera_extraction_sigmastar_odd_samples.json; Software environment definition has changed since last execution
    wildcards: Nc=4, beta=6.5, nF=2, nAS=3, mF=-0.72, mAS=-1.01, Nt=64, Ns=32, channel=sigmastar_odd
    resources: tmpdir=/tmp

Activating conda environment: .snakemake/conda/c864d011e50ed9a97316eaea23f05e50_

[Tue Dec 10 11:57:36 2024]
localrule gevp_meson_mass:
    input: data_assets/corr_sp4_dyn_mix.h5, src/mass_gevp_meson.py
    output: intermediary_data/Sp4b6.5nF2nAS3mF-0.71mAS-1.01T96L20/meson_gevp_f_v_samples.json, intermediary_data/Sp4b6.5nF2nAS3mF-0.71mAS-1.01T96L20/meson_gevp_f_v_eff_mass.pdf
    jobid: 27
    reason: Missing output files: intermediary_data/Sp4b6.5nF2nAS3mF-0.71mAS-1.01T96L20/meson_gevp_f_v_samples.json; Software environment definition has changed since last execution
    wildcards: Nc=4, beta=6.5, nF=2, nAS=3, mF=-0.71, mAS=-1.01, Nt=96, Ns=20, channel=f_v
    resources: tmpdir=/tmp

Activating conda environment: .snakemake/conda/c864d011e50ed9a97316eaea23f05e50_

[Tue Dec 10 11:57:36 2024]
localrule chimera_matrix_element:
    input: data_assets/corr_sp4_dyn_mix.h5, src/matrix_element_chimera.py
    output: intermediary_data/Sp4b6.5nF2nAS3mF-0.71mAS-1.01T48L20/chimera_extraction_sigma_odd_samples.json
    jobid: 154
    reason: Missing output files: intermediary_data/Sp4b6.5nF2nAS3mF-0.71mAS-1.01T48L20/chimera_extraction_sigma_odd_samples.json; Software environment definition has changed since last execution
    wildcards: Nc=4, beta=6.5, nF=2, nAS=3, mF=-0.71, mAS=-1.01, Nt=48, Ns=20, channel=sigma_odd
    resources: tmpdir=/tmp

Activating conda environment: .snakemake/conda/c864d011e50ed9a97316eaea23f05e50_

[Tue Dec 10 11:57:36 2024]
localrule gevp_meson_mass:
    input: data_assets/corr_sp4_dyn_mix.h5, src/mass_gevp_meson.py
    output: intermediary_data/Sp4b6.5nF2nAS3mF-0.71mAS-1.01T48L20/meson_gevp_f_av_samples.json, intermediary_data/Sp4b6.5nF2nAS3mF-0.71mAS-1.01T48L20/meson_gevp_f_av_eff_mass.pdf
    jobid: 7
    reason: Missing output files: intermediary_data/Sp4b6.5nF2nAS3mF-0.71mAS-1.01T48L20/meson_gevp_f_av_samples.json; Software environment definition has changed since last execution
    wildcards: Nc=4, beta=6.5, nF=2, nAS=3, mF=-0.71, mAS=-1.01, Nt=48, Ns=20, channel=f_av
    resources: tmpdir=/tmp

Activating conda environment: .snakemake/conda/c864d011e50ed9a97316eaea23f05e50_

[Tue Dec 10 11:57:36 2024]
localrule gevp_chimera_baryon_mass:
    input: data_assets/corr_sp4_dyn_mix.h5, src/mass_gevp_chimera.py
    output: intermediary_data/Sp4b6.5nF2nAS3mF-0.72mAS-1.01T64L32/chimera_gevp_sigma_even_samples.json, intermediary_data/Sp4b6.5nF2nAS3mF-0.72mAS-1.01T64L32/chimera_gevp_sigma_even_eff_mass.pdf
    jobid: 87
    reason: Missing output files: intermediary_data/Sp4b6.5nF2nAS3mF-0.72mAS-1.01T64L32/chimera_gevp_sigma_even_samples.json; Software environment definition has changed since last execution
    wildcards: Nc=4, beta=6.5, nF=2, nAS=3, mF=-0.72, mAS=-1.01, Nt=64, Ns=32, channel=sigma_even
    resources: tmpdir=/tmp

Activating conda environment: .snakemake/conda/c864d011e50ed9a97316eaea23f05e50_
[Tue Dec 10 11:57:42 2024]
Finished job 180.
1 of 181 steps (1%) done
Select jobs to execute...
Execute 1 jobs...

[Tue Dec 10 11:57:42 2024]
localrule gevp_chimera_baryon_mass:
    input: data_assets/corr_sp4_dyn_mix.h5, src/mass_gevp_chimera.py
    output: intermediary_data/Sp4b6.5nF2nAS3mF-0.71mAS-1.01T64L20/chimera_gevp_sigma_even_samples.json, intermediary_data/Sp4b6.5nF2nAS3mF-0.71mAS-1.01T64L20/chimera_gevp_sigma_even_eff_mass.pdf
    jobid: 69
    reason: Missing output files: intermediary_data/Sp4b6.5nF2nAS3mF-0.71mAS-1.01T64L20/chimera_gevp_sigma_even_samples.json; Software environment definition has changed since last execution
    wildcards: Nc=4, beta=6.5, nF=2, nAS=3, mF=-0.71, mAS=-1.01, Nt=64, Ns=20, channel=sigma_even
    resources: tmpdir=/tmp

Activating conda environment: .snakemake/conda/c864d011e50ed9a97316eaea23f05e50_
[Tue Dec 10 11:57:42 2024]
Finished job 153.
2 of 181 steps (1%) done
Select jobs to execute...
Execute 1 jobs...

[Tue Dec 10 11:57:42 2024]
localrule chimera_matrix_element:
    input: data_assets/corr_sp4_dyn_mix.h5, src/matrix_element_chimera.py
    output: intermediary_data/Sp4b6.5nF2nAS3mF-0.71mAS-1.01T48L20/chimera_extraction_lambda_even_samples.json
    jobid: 151
    reason: Missing output files: intermediary_data/Sp4b6.5nF2nAS3mF-0.71mAS-1.01T48L20/chimera_extraction_lambda_even_samples.json; Software environment definition has changed since last execution
    wildcards: Nc=4, beta=6.5, nF=2, nAS=3, mF=-0.71, mAS=-1.01, Nt=48, Ns=20, channel=lambda_even
    resources: tmpdir=/tmp

Activating conda environment: .snakemake/conda/c864d011e50ed9a97316eaea23f05e50_
[Tue Dec 10 11:57:45 2024]
Finished job 154.
3 of 181 steps (2%) done
Select jobs to execute...
Execute 1 jobs...

[Tue Dec 10 11:57:45 2024]
localrule chimera_matrix_element:
    input: data_assets/corr_sp4_dyn_mix.h5, src/matrix_element_chimera.py
    output: intermediary_data/Sp4b6.5nF2nAS3mF-0.72mAS-1.01T64L32/chimera_extraction_lambda_even_samples.json
    jobid: 175
    reason: Missing output files: intermediary_data/Sp4b6.5nF2nAS3mF-0.72mAS-1.01T64L32/chimera_extraction_lambda_even_samples.json; Software environment definition has changed since last execution
    wildcards: Nc=4, beta=6.5, nF=2, nAS=3, mF=-0.72, mAS=-1.01, Nt=64, Ns=32, channel=lambda_even
    resources: tmpdir=/tmp

Activating conda environment: .snakemake/conda/c864d011e50ed9a97316eaea23f05e50_
[Tue Dec 10 11:57:51 2024]
Finished job 151.
4 of 181 steps (2%) done
Select jobs to execute...
Execute 1 jobs...

[Tue Dec 10 11:57:51 2024]
localrule meson_matrix_element:
    input: data_assets/corr_sp4_dyn_mix.h5, src/matrix_element_meson.py
    output: intermediary_data/Sp4b6.5nF2nAS3mF-0.71mAS-1.01T64L20/meson_extraction_as_ps_samples.json
    jobid: 104
    reason: Missing output files: intermediary_data/Sp4b6.5nF2nAS3mF-0.71mAS-1.01T64L20/meson_extraction_as_ps_samples.json; Software environment definition has changed since last execution
    wildcards: Nc=4, beta=6.5, nF=2, nAS=3, mF=-0.71, mAS=-1.01, Nt=64, Ns=20, channel=as_ps
    resources: tmpdir=/tmp

Activating conda environment: .snakemake/conda/c864d011e50ed9a97316eaea23f05e50_
[Tue Dec 10 11:57:53 2024]
Finished job 175.
5 of 181 steps (3%) done
Select jobs to execute...
Execute 1 jobs...

[Tue Dec 10 11:57:53 2024]
localrule meson_matrix_element:
    input: data_assets/corr_sp4_dyn_mix.h5, src/matrix_element_meson.py
    output: intermediary_data/Sp4b6.5nF2nAS3mF-0.71mAS-1.01T96L20/meson_extraction_f_t_samples.json
    jobid: 119
    reason: Missing output files: intermediary_data/Sp4b6.5nF2nAS3mF-0.71mAS-1.01T96L20/meson_extraction_f_t_samples.json; Software environment definition has changed since last execution
    wildcards: Nc=4, beta=6.5, nF=2, nAS=3, mF=-0.71, mAS=-1.01, Nt=96, Ns=20, channel=f_t
    resources: tmpdir=/tmp

Activating conda environment: .snakemake/conda/c864d011e50ed9a97316eaea23f05e50_
[Tue Dec 10 11:57:57 2024]
Finished job 87.
6 of 181 steps (3%) done
Select jobs to execute...
Execute 1 jobs...

[Tue Dec 10 11:57:57 2024]
localrule meson_matrix_element:
    input: data_assets/corr_sp4_dyn_mix.h5, src/matrix_element_meson.py
    output: intermediary_data/Sp4b6.5nF2nAS3mF-0.7mAS-1.01T64L20/meson_extraction_as_av_samples.json
    jobid: 134
    reason: Missing output files: intermediary_data/Sp4b6.5nF2nAS3mF-0.7mAS-1.01T64L20/meson_extraction_as_av_samples.json; Software environment definition has changed since last execution
    wildcards: Nc=4, beta=6.5, nF=2, nAS=3, mF=-0.7, mAS=-1.01, Nt=64, Ns=20, channel=as_av
    resources: tmpdir=/tmp

Activating conda environment: .snakemake/conda/c864d011e50ed9a97316eaea23f05e50_
[Tue Dec 10 11:58:02 2024]
Finished job 27.
7 of 181 steps (4%) done
Select jobs to execute...
Execute 1 jobs...

[Tue Dec 10 11:58:02 2024]
localrule gevp_meson_mass:
    input: data_assets/corr_sp4_dyn_mix.h5, src/mass_gevp_meson.py
    output: intermediary_data/Sp4b6.5nF2nAS3mF-0.71mAS-1.01T64L20/meson_gevp_f_av_samples.json, intermediary_data/Sp4b6.5nF2nAS3mF-0.71mAS-1.01T64L20/meson_gevp_f_av_eff_mass.pdf
    jobid: 19
    reason: Missing output files: intermediary_data/Sp4b6.5nF2nAS3mF-0.71mAS-1.01T64L20/meson_gevp_f_av_samples.json; Software environment definition has changed since last execution
    wildcards: Nc=4, beta=6.5, nF=2, nAS=3, mF=-0.71, mAS=-1.01, Nt=64, Ns=20, channel=f_av
    resources: tmpdir=/tmp

Activating conda environment: .snakemake/conda/c864d011e50ed9a97316eaea23f05e50_
[Tue Dec 10 11:58:05 2024]
Finished job 69.
8 of 181 steps (4%) done
Select jobs to execute...
Execute 1 jobs...

[Tue Dec 10 11:58:05 2024]
localrule meson_matrix_element:
    input: data_assets/corr_sp4_dyn_mix.h5, src/matrix_element_meson.py
    output: intermediary_data/Sp4b6.5nF2nAS3mF-0.72mAS-1.01T64L32/meson_extraction_f_s_samples.json
    jobid: 149
    reason: Missing output files: intermediary_data/Sp4b6.5nF2nAS3mF-0.72mAS-1.01T64L32/meson_extraction_f_s_samples.json; Software environment definition has changed since last execution
    wildcards: Nc=4, beta=6.5, nF=2, nAS=3, mF=-0.72, mAS=-1.01, Nt=64, Ns=32, channel=f_s
    resources: tmpdir=/tmp

Activating conda environment: .snakemake/conda/c864d011e50ed9a97316eaea23f05e50_
[Tue Dec 10 11:58:09 2024]
Finished job 104.
9 of 181 steps (5%) done
Select jobs to execute...
Execute 1 jobs...

[Tue Dec 10 11:58:09 2024]
localrule gevp_meson_mass:
    input: data_assets/corr_sp4_dyn_mix.h5, src/mass_gevp_meson.py
    output: intermediary_data/Sp4b6.5nF2nAS3mF-0.7mAS-1.01T64L20/meson_gevp_f_v_samples.json, intermediary_data/Sp4b6.5nF2nAS3mF-0.7mAS-1.01T64L20/meson_gevp_f_v_eff_mass.pdf
    jobid: 39
    reason: Missing output files: intermediary_data/Sp4b6.5nF2nAS3mF-0.7mAS-1.01T64L20/meson_gevp_f_v_samples.json; Software environment definition has changed since last execution
    wildcards: Nc=4, beta=6.5, nF=2, nAS=3, mF=-0.7, mAS=-1.01, Nt=64, Ns=20, channel=f_v
    resources: tmpdir=/tmp

Activating conda environment: .snakemake/conda/c864d011e50ed9a97316eaea23f05e50_
[Tue Dec 10 11:58:22 2024]
Finished job 19.
10 of 181 steps (6%) done
Select jobs to execute...
Execute 1 jobs...

[Tue Dec 10 11:58:22 2024]
localrule chimera_matrix_element:
    input: data_assets/corr_sp4_dyn_mix.h5, src/matrix_element_chimera.py
    output: intermediary_data/Sp4b6.5nF2nAS3mF-0.71mAS-1.01T96L20/chimera_extraction_lambda_odd_samples.json
    jobid: 164
    reason: Missing output files: intermediary_data/Sp4b6.5nF2nAS3mF-0.71mAS-1.01T96L20/chimera_extraction_lambda_odd_samples.json; Software environment definition has changed since last execution
    wildcards: Nc=4, beta=6.5, nF=2, nAS=3, mF=-0.71, mAS=-1.01, Nt=96, Ns=20, channel=lambda_odd
    resources: tmpdir=/tmp

Activating conda environment: .snakemake/conda/c864d011e50ed9a97316eaea23f05e50_
[Tue Dec 10 11:58:30 2024]
Finished job 149.
11 of 181 steps (6%) done
Select jobs to execute...
Execute 1 jobs...

[Tue Dec 10 11:58:30 2024]
localrule meson_matrix_element:
    input: data_assets/corr_sp4_dyn_mix.h5, src/matrix_element_meson.py
    output: intermediary_data/Sp4b6.5nF2nAS3mF-0.72mAS-1.01T64L32/meson_extraction_f_av_samples.json
    jobid: 145
    reason: Missing output files: intermediary_data/Sp4b6.5nF2nAS3mF-0.72mAS-1.01T64L32/meson_extraction_f_av_samples.json; Software environment definition has changed since last execution
    wildcards: Nc=4, beta=6.5, nF=2, nAS=3, mF=-0.72, mAS=-1.01, Nt=64, Ns=32, channel=f_av
    resources: tmpdir=/tmp

Activating conda environment: .snakemake/conda/c864d011e50ed9a97316eaea23f05e50_
[Tue Dec 10 11:58:31 2024]
Finished job 39.
12 of 181 steps (7%) done
Select jobs to execute...
Execute 1 jobs...

[Tue Dec 10 11:58:31 2024]
localrule chimera_matrix_element:
    input: data_assets/corr_sp4_dyn_mix.h5, src/matrix_element_chimera.py
    output: intermediary_data/Sp4b6.5nF2nAS3mF-0.72mAS-1.01T64L32/chimera_extraction_sigmastar_even_samples.json
    jobid: 179
    reason: Missing output files: intermediary_data/Sp4b6.5nF2nAS3mF-0.72mAS-1.01T64L32/chimera_extraction_sigmastar_even_samples.json; Software environment definition has changed since last execution
    wildcards: Nc=4, beta=6.5, nF=2, nAS=3, mF=-0.72, mAS=-1.01, Nt=64, Ns=32, channel=sigmastar_even
    resources: tmpdir=/tmp

Activating conda environment: .snakemake/conda/c864d011e50ed9a97316eaea23f05e50_
[Tue Dec 10 11:58:33 2024]
Finished job 164.
13 of 181 steps (7%) done
Select jobs to execute...
Execute 1 jobs...

[Tue Dec 10 11:58:33 2024]
localrule meson_matrix_element:
    input: data_assets/corr_sp4_dyn_mix.h5, src/matrix_element_meson.py
    output: intermediary_data/Sp4b6.5nF2nAS3mF-0.71mAS-1.01T96L20/meson_extraction_as_at_samples.json
    jobid: 124
    reason: Missing output files: intermediary_data/Sp4b6.5nF2nAS3mF-0.71mAS-1.01T96L20/meson_extraction_as_at_samples.json; Software environment definition has changed since last execution
    wildcards: Nc=4, beta=6.5, nF=2, nAS=3, mF=-0.71, mAS=-1.01, Nt=96, Ns=20, channel=as_at
    resources: tmpdir=/tmp

Activating conda environment: .snakemake/conda/c864d011e50ed9a97316eaea23f05e50_
[Tue Dec 10 11:58:38 2024]
Finished job 119.
14 of 181 steps (8%) done
Select jobs to execute...
Execute 1 jobs...

[Tue Dec 10 11:58:38 2024]
localrule gevp_chimera_baryon_mass:
    input: data_assets/corr_sp4_dyn_mix.h5, src/mass_gevp_chimera.py
    output: intermediary_data/Sp4b6.5nF2nAS3mF-0.71mAS-1.01T96L20/chimera_gevp_sigma_odd_samples.json, intermediary_data/Sp4b6.5nF2nAS3mF-0.71mAS-1.01T96L20/chimera_gevp_sigma_odd_eff_mass.pdf
    jobid: 76
    reason: Missing output files: intermediary_data/Sp4b6.5nF2nAS3mF-0.71mAS-1.01T96L20/chimera_gevp_sigma_odd_samples.json; Software environment definition has changed since last execution
    wildcards: Nc=4, beta=6.5, nF=2, nAS=3, mF=-0.71, mAS=-1.01, Nt=96, Ns=20, channel=sigma_odd
    resources: tmpdir=/tmp

Activating conda environment: .snakemake/conda/c864d011e50ed9a97316eaea23f05e50_
[Tue Dec 10 11:58:40 2024]
Finished job 179.
15 of 181 steps (8%) done
Select jobs to execute...
Execute 1 jobs...

[Tue Dec 10 11:58:40 2024]
localrule chimera_matrix_element:
    input: data_assets/corr_sp4_dyn_mix.h5, src/matrix_element_chimera.py
    output: intermediary_data/Sp4b6.5nF2nAS3mF-0.71mAS-1.01T64L20/chimera_extraction_sigma_odd_samples.json
    jobid: 160
    reason: Missing output files: intermediary_data/Sp4b6.5nF2nAS3mF-0.71mAS-1.01T64L20/chimera_extraction_sigma_odd_samples.json; Software environment definition has changed since last execution
    wildcards: Nc=4, beta=6.5, nF=2, nAS=3, mF=-0.71, mAS=-1.01, Nt=64, Ns=20, channel=sigma_odd
    resources: tmpdir=/tmp

Activating conda environment: .snakemake/conda/c864d011e50ed9a97316eaea23f05e50_
[Tue Dec 10 11:58:51 2024]
Finished job 160.
16 of 181 steps (9%) done
Select jobs to execute...
Execute 1 jobs...

[Tue Dec 10 11:58:51 2024]
localrule gevp_meson_mass:
    input: data_assets/corr_sp4_dyn_mix.h5, src/mass_gevp_meson.py
    output: intermediary_data/Sp4b6.5nF2nAS3mF-0.72mAS-1.01T64L32/meson_gevp_as_av_samples.json, intermediary_data/Sp4b6.5nF2nAS3mF-0.72mAS-1.01T64L32/meson_gevp_as_av_eff_mass.pdf
    jobid: 56
    reason: Missing output files: intermediary_data/Sp4b6.5nF2nAS3mF-0.72mAS-1.01T64L32/meson_gevp_as_av_samples.json; Software environment definition has changed since last execution
    wildcards: Nc=4, beta=6.5, nF=2, nAS=3, mF=-0.72, mAS=-1.01, Nt=64, Ns=32, channel=as_av
    resources: tmpdir=/tmp

Activating conda environment: .snakemake/conda/c864d011e50ed9a97316eaea23f05e50_
[Tue Dec 10 11:58:56 2024]
Finished job 7.
17 of 181 steps (9%) done
Select jobs to execute...
Execute 1 jobs...

[Tue Dec 10 11:58:56 2024]
localrule gevp_meson_mass:
    input: data_assets/corr_sp4_dyn_mix.h5, src/mass_gevp_meson.py
    output: intermediary_data/Sp4b6.5nF2nAS3mF-0.71mAS-1.01T96L20/meson_gevp_f_t_samples.json, intermediary_data/Sp4b6.5nF2nAS3mF-0.71mAS-1.01T96L20/meson_gevp_f_t_eff_mass.pdf
    jobid: 29
    reason: Missing output files: intermediary_data/Sp4b6.5nF2nAS3mF-0.71mAS-1.01T96L20/meson_gevp_f_t_samples.json; Software environment definition has changed since last execution
    wildcards: Nc=4, beta=6.5, nF=2, nAS=3, mF=-0.71, mAS=-1.01, Nt=96, Ns=20, channel=f_t
    resources: tmpdir=/tmp

Activating conda environment: .snakemake/conda/c864d011e50ed9a97316eaea23f05e50_
[Tue Dec 10 11:59:02 2024]
Finished job 76.
18 of 181 steps (10%) done
Select jobs to execute...
Execute 1 jobs...

[Tue Dec 10 11:59:03 2024]
localrule gevp_meson_mass:
    input: data_assets/corr_sp4_dyn_mix.h5, src/mass_gevp_meson.py
    output: intermediary_data/Sp4b6.5nF2nAS3mF-0.71mAS-1.01T64L20/meson_gevp_as_v_samples.json, intermediary_data/Sp4b6.5nF2nAS3mF-0.71mAS-1.01T64L20/meson_gevp_as_v_eff_mass.pdf
    jobid: 16
    reason: Missing output files: intermediary_data/Sp4b6.5nF2nAS3mF-0.71mAS-1.01T64L20/meson_gevp_as_v_samples.json; Software environment definition has changed since last execution
    wildcards: Nc=4, beta=6.5, nF=2, nAS=3, mF=-0.71, mAS=-1.01, Nt=64, Ns=20, channel=as_v
    resources: tmpdir=/tmp

Activating conda environment: .snakemake/conda/c864d011e50ed9a97316eaea23f05e50_
[Tue Dec 10 11:59:07 2024]
Finished job 145.
19 of 181 steps (10%) done
Select jobs to execute...
Execute 1 jobs...

[Tue Dec 10 11:59:07 2024]
localrule meson_matrix_element:
    input: data_assets/corr_sp4_dyn_mix.h5, src/matrix_element_meson.py
    output: intermediary_data/Sp4b6.5nF2nAS3mF-0.7mAS-1.01T64L20/meson_extraction_f_ps_samples.json
    jobid: 127
    reason: Missing output files: intermediary_data/Sp4b6.5nF2nAS3mF-0.7mAS-1.01T64L20/meson_extraction_f_ps_samples.json; Software environment definition has changed since last execution
    wildcards: Nc=4, beta=6.5, nF=2, nAS=3, mF=-0.7, mAS=-1.01, Nt=64, Ns=20, channel=f_ps
    resources: tmpdir=/tmp

Activating conda environment: .snakemake/conda/c864d011e50ed9a97316eaea23f05e50_
[Tue Dec 10 11:59:07 2024]
Finished job 56.
20 of 181 steps (11%) done
Select jobs to execute...
Execute 1 jobs...

[Tue Dec 10 11:59:07 2024]
localrule gevp_chimera_baryon_mass:
    input: data_assets/corr_sp4_dyn_mix.h5, src/mass_gevp_chimera.py
    output: intermediary_data/Sp4b6.5nF2nAS3mF-0.7mAS-1.01T64L20/chimera_gevp_sigmastar_even_samples.json, intermediary_data/Sp4b6.5nF2nAS3mF-0.7mAS-1.01T64L20/chimera_gevp_sigmastar_even_eff_mass.pdf
    jobid: 83
    reason: Missing output files: intermediary_data/Sp4b6.5nF2nAS3mF-0.7mAS-1.01T64L20/chimera_gevp_sigmastar_even_samples.json; Software environment definition has changed since last execution
    wildcards: Nc=4, beta=6.5, nF=2, nAS=3, mF=-0.7, mAS=-1.01, Nt=64, Ns=20, channel=sigmastar_even
    resources: tmpdir=/tmp

Activating conda environment: .snakemake/conda/c864d011e50ed9a97316eaea23f05e50_
[Tue Dec 10 11:59:17 2024]
Finished job 134.
21 of 181 steps (12%) done
Select jobs to execute...
Execute 1 jobs...

[Tue Dec 10 11:59:17 2024]
localrule chimera_matrix_element:
    input: data_assets/corr_sp4_dyn_mix.h5, src/matrix_element_chimera.py
    output: intermediary_data/Sp4b6.5nF2nAS3mF-0.71mAS-1.01T64L20/chimera_extraction_lambda_even_samples.json
    jobid: 157
    reason: Missing output files: intermediary_data/Sp4b6.5nF2nAS3mF-0.71mAS-1.01T64L20/chimera_extraction_lambda_even_samples.json; Software environment definition has changed since last execution
    wildcards: Nc=4, beta=6.5, nF=2, nAS=3, mF=-0.71, mAS=-1.01, Nt=64, Ns=20, channel=lambda_even
    resources: tmpdir=/tmp

Activating conda environment: .snakemake/conda/c864d011e50ed9a97316eaea23f05e50_
[Tue Dec 10 11:59:22 2024]
Finished job 29.
22 of 181 steps (12%) done
Select jobs to execute...
Execute 1 jobs...

[Tue Dec 10 11:59:22 2024]
localrule meson_matrix_element:
    input: data_assets/corr_sp4_dyn_mix.h5, src/matrix_element_meson.py
    output: intermediary_data/Sp4b6.5nF2nAS3mF-0.72mAS-1.01T64L32/meson_extraction_as_v_samples.json
    jobid: 142
    reason: Missing output files: intermediary_data/Sp4b6.5nF2nAS3mF-0.72mAS-1.01T64L32/meson_extraction_as_v_samples.json; Software environment definition has changed since last execution
    wildcards: Nc=4, beta=6.5, nF=2, nAS=3, mF=-0.72, mAS=-1.01, Nt=64, Ns=32, channel=as_v
    resources: tmpdir=/tmp

Activating conda environment: .snakemake/conda/c864d011e50ed9a97316eaea23f05e50_
[Tue Dec 10 11:59:25 2024]
Finished job 16.
23 of 181 steps (13%) done
Select jobs to execute...
Execute 1 jobs...

[Tue Dec 10 11:59:25 2024]
localrule gevp_meson_mass:
    input: data_assets/corr_sp4_dyn_mix.h5, src/mass_gevp_meson.py
    output: intermediary_data/Sp4b6.5nF2nAS3mF-0.7mAS-1.01T64L20/meson_gevp_as_at_samples.json, intermediary_data/Sp4b6.5nF2nAS3mF-0.7mAS-1.01T64L20/meson_gevp_as_at_eff_mass.pdf
    jobid: 46
    reason: Missing output files: intermediary_data/Sp4b6.5nF2nAS3mF-0.7mAS-1.01T64L20/meson_gevp_as_at_samples.json; Software environment definition has changed since last execution
    wildcards: Nc=4, beta=6.5, nF=2, nAS=3, mF=-0.7, mAS=-1.01, Nt=64, Ns=20, channel=as_at
    resources: tmpdir=/tmp

Activating conda environment: .snakemake/conda/c864d011e50ed9a97316eaea23f05e50_
[Tue Dec 10 11:59:26 2024]
Finished job 157.
24 of 181 steps (13%) done
Select jobs to execute...
Execute 1 jobs...

[Tue Dec 10 11:59:26 2024]
localrule gevp_chimera_baryon_mass:
    input: data_assets/corr_sp4_dyn_mix.h5, src/mass_gevp_chimera.py
    output: intermediary_data/Sp4b6.5nF2nAS3mF-0.71mAS-1.01T48L20/chimera_gevp_sigmastar_odd_samples.json, intermediary_data/Sp4b6.5nF2nAS3mF-0.71mAS-1.01T48L20/chimera_gevp_sigmastar_odd_eff_mass.pdf
    jobid: 66
    reason: Missing output files: intermediary_data/Sp4b6.5nF2nAS3mF-0.71mAS-1.01T48L20/chimera_gevp_sigmastar_odd_samples.json; Software environment definition has changed since last execution
    wildcards: Nc=4, beta=6.5, nF=2, nAS=3, mF=-0.71, mAS=-1.01, Nt=48, Ns=20, channel=sigmastar_odd
    resources: tmpdir=/tmp

Activating conda environment: .snakemake/conda/c864d011e50ed9a97316eaea23f05e50_
[Tue Dec 10 11:59:28 2024]
Finished job 83.
25 of 181 steps (14%) done
Select jobs to execute...
Execute 1 jobs...

[Tue Dec 10 11:59:28 2024]
localrule gevp_meson_mass:
    input: data_assets/corr_sp4_dyn_mix.h5, src/mass_gevp_meson.py
    output: intermediary_data/Sp4b6.5nF2nAS3mF-0.71mAS-1.01T96L20/meson_gevp_as_ps_samples.json, intermediary_data/Sp4b6.5nF2nAS3mF-0.71mAS-1.01T96L20/meson_gevp_as_ps_eff_mass.pdf
    jobid: 26
    reason: Missing output files: intermediary_data/Sp4b6.5nF2nAS3mF-0.71mAS-1.01T96L20/meson_gevp_as_ps_samples.json; Software environment definition has changed since last execution
    wildcards: Nc=4, beta=6.5, nF=2, nAS=3, mF=-0.71, mAS=-1.01, Nt=96, Ns=20, channel=as_ps
    resources: tmpdir=/tmp

Activating conda environment: .snakemake/conda/c864d011e50ed9a97316eaea23f05e50_
[Tue Dec 10 11:59:35 2024]
Finished job 127.
26 of 181 steps (14%) done
Select jobs to execute...
Execute 1 jobs...

[Tue Dec 10 11:59:35 2024]
localrule gevp_chimera_baryon_mass:
    input: data_assets/corr_sp4_dyn_mix.h5, src/mass_gevp_chimera.py
    output: intermediary_data/Sp4b6.5nF2nAS3mF-0.72mAS-1.01T64L32/chimera_gevp_lambda_odd_samples.json, intermediary_data/Sp4b6.5nF2nAS3mF-0.72mAS-1.01T64L32/chimera_gevp_lambda_odd_eff_mass.pdf
    jobid: 86
    reason: Missing output files: intermediary_data/Sp4b6.5nF2nAS3mF-0.72mAS-1.01T64L32/chimera_gevp_lambda_odd_samples.json; Software environment definition has changed since last execution
    wildcards: Nc=4, beta=6.5, nF=2, nAS=3, mF=-0.72, mAS=-1.01, Nt=64, Ns=32, channel=lambda_odd
    resources: tmpdir=/tmp

Activating conda environment: .snakemake/conda/c864d011e50ed9a97316eaea23f05e50_
Terminating processes on user request, this might take some time.
