host: niccolo-HP-ProBook-450-G8-Notebook-PC
Building DAG of jobs...
Using shell: /usr/bin/bash
Provided cores: 6
Rules claiming more threads will be scaled down.
Job stats:
job                         count
------------------------  -------
chimera_matrix_element         30
gevp_chimera_baryon_mass       30
gevp_meson_mass                60
mass_plot                       1
meson_matrix_element           60
total                         181

Select jobs to execute...
Execute 6 jobs...

[Tue Dec  3 18:15:12 2024]
localrule chimera_matrix_element:
    input: data_assets/corr_sp4_dyn_mix.h5, src/matrix_element_chimera.py
    output: intermediary_data/Sp4b6.5nF2nAS3mF-0.71mAS-1.01T48L20/chimera_extraction_sigma_even_samples.json
    jobid: 153
    reason: Missing output files: intermediary_data/Sp4b6.5nF2nAS3mF-0.71mAS-1.01T48L20/chimera_extraction_sigma_even_samples.json
    wildcards: Nc=4, beta=6.5, nF=2, nAS=3, mF=-0.71, mAS=-1.01, Nt=48, Ns=20, channel=sigma_even
    resources: tmpdir=/tmp

Activating conda environment: .snakemake/conda/755e7e971b3e47f1d7eee7112214e604_

[Tue Dec  3 18:15:12 2024]
localrule meson_matrix_element:
    input: data_assets/corr_sp4_dyn_mix.h5, src/matrix_element_meson.py
    output: intermediary_data/Sp4b6.5nF2nAS3mF-0.72mAS-1.01T64L32/meson_extraction_f_ps_samples.json
    jobid: 139
    reason: Missing output files: intermediary_data/Sp4b6.5nF2nAS3mF-0.72mAS-1.01T64L32/meson_extraction_f_ps_samples.json
    wildcards: Nc=4, beta=6.5, nF=2, nAS=3, mF=-0.72, mAS=-1.01, Nt=64, Ns=32, channel=f_ps
    resources: tmpdir=/tmp

Activating conda environment: .snakemake/conda/755e7e971b3e47f1d7eee7112214e604_

[Tue Dec  3 18:15:12 2024]
localrule gevp_meson_mass:
    input: data_assets/corr_sp4_dyn_mix.h5, src/mass_gevp_meson.py
    output: intermediary_data/Sp4b6.5nF2nAS3mF-0.71mAS-1.01T48L20/meson_gevp_f_av_samples.json, intermediary_data/Sp4b6.5nF2nAS3mF-0.71mAS-1.01T48L20/meson_gevp_f_av_eff_mass.pdf
    jobid: 7
    reason: Missing output files: intermediary_data/Sp4b6.5nF2nAS3mF-0.71mAS-1.01T48L20/meson_gevp_f_av_samples.json
    wildcards: Nc=4, beta=6.5, nF=2, nAS=3, mF=-0.71, mAS=-1.01, Nt=48, Ns=20, channel=f_av
    resources: tmpdir=/tmp

Activating conda environment: .snakemake/conda/755e7e971b3e47f1d7eee7112214e604_

[Tue Dec  3 18:15:13 2024]
localrule gevp_meson_mass:
    input: data_assets/corr_sp4_dyn_mix.h5, src/mass_gevp_meson.py
    output: intermediary_data/Sp4b6.5nF2nAS3mF-0.71mAS-1.01T64L20/meson_gevp_f_t_samples.json, intermediary_data/Sp4b6.5nF2nAS3mF-0.71mAS-1.01T64L20/meson_gevp_f_t_eff_mass.pdf
    jobid: 17
    reason: Missing output files: intermediary_data/Sp4b6.5nF2nAS3mF-0.71mAS-1.01T64L20/meson_gevp_f_t_samples.json
    wildcards: Nc=4, beta=6.5, nF=2, nAS=3, mF=-0.71, mAS=-1.01, Nt=64, Ns=20, channel=f_t
    resources: tmpdir=/tmp

Activating conda environment: .snakemake/conda/755e7e971b3e47f1d7eee7112214e604_

[Tue Dec  3 18:15:13 2024]
localrule gevp_meson_mass:
    input: data_assets/corr_sp4_dyn_mix.h5, src/mass_gevp_meson.py
    output: intermediary_data/Sp4b6.5nF2nAS3mF-0.71mAS-1.01T96L20/meson_gevp_f_v_samples.json, intermediary_data/Sp4b6.5nF2nAS3mF-0.71mAS-1.01T96L20/meson_gevp_f_v_eff_mass.pdf
    jobid: 27
    reason: Missing output files: intermediary_data/Sp4b6.5nF2nAS3mF-0.71mAS-1.01T96L20/meson_gevp_f_v_samples.json
    wildcards: Nc=4, beta=6.5, nF=2, nAS=3, mF=-0.71, mAS=-1.01, Nt=96, Ns=20, channel=f_v
    resources: tmpdir=/tmp

Activating conda environment: .snakemake/conda/755e7e971b3e47f1d7eee7112214e604_

[Tue Dec  3 18:15:13 2024]
localrule chimera_matrix_element:
    input: data_assets/corr_sp4_dyn_mix.h5, src/matrix_element_chimera.py
    output: intermediary_data/Sp4b6.5nF2nAS3mF-0.7mAS-1.01T64L20/chimera_extraction_lambda_even_samples.json
    jobid: 169
    reason: Missing output files: intermediary_data/Sp4b6.5nF2nAS3mF-0.7mAS-1.01T64L20/chimera_extraction_lambda_even_samples.json
    wildcards: Nc=4, beta=6.5, nF=2, nAS=3, mF=-0.7, mAS=-1.01, Nt=64, Ns=20, channel=lambda_even
    resources: tmpdir=/tmp

Activating conda environment: .snakemake/conda/755e7e971b3e47f1d7eee7112214e604_
[Tue Dec  3 18:15:21 2024]
Finished job 153.
1 of 181 steps (1%) done
Select jobs to execute...
Execute 1 jobs...

[Tue Dec  3 18:15:21 2024]
localrule meson_matrix_element:
    input: data_assets/corr_sp4_dyn_mix.h5, src/matrix_element_meson.py
    output: intermediary_data/Sp4b6.5nF2nAS3mF-0.71mAS-1.01T64L20/meson_extraction_as_ps_samples.json
    jobid: 104
    reason: Missing output files: intermediary_data/Sp4b6.5nF2nAS3mF-0.71mAS-1.01T64L20/meson_extraction_as_ps_samples.json
    wildcards: Nc=4, beta=6.5, nF=2, nAS=3, mF=-0.71, mAS=-1.01, Nt=64, Ns=20, channel=as_ps
    resources: tmpdir=/tmp

Activating conda environment: .snakemake/conda/755e7e971b3e47f1d7eee7112214e604_
[Tue Dec  3 18:15:24 2024]
Finished job 169.
2 of 181 steps (1%) done
Select jobs to execute...
Execute 1 jobs...

[Tue Dec  3 18:15:24 2024]
localrule meson_matrix_element:
    input: data_assets/corr_sp4_dyn_mix.h5, src/matrix_element_meson.py
    output: intermediary_data/Sp4b6.5nF2nAS3mF-0.71mAS-1.01T96L20/meson_extraction_f_t_samples.json
    jobid: 119
    reason: Missing output files: intermediary_data/Sp4b6.5nF2nAS3mF-0.71mAS-1.01T96L20/meson_extraction_f_t_samples.json
    wildcards: Nc=4, beta=6.5, nF=2, nAS=3, mF=-0.71, mAS=-1.01, Nt=96, Ns=20, channel=f_t
    resources: tmpdir=/tmp

Activating conda environment: .snakemake/conda/755e7e971b3e47f1d7eee7112214e604_
[Tue Dec  3 18:15:30 2024]
Finished job 17.
3 of 181 steps (2%) done
Select jobs to execute...
Execute 1 jobs...

[Tue Dec  3 18:15:30 2024]
localrule meson_matrix_element:
    input: data_assets/corr_sp4_dyn_mix.h5, src/matrix_element_meson.py
    output: intermediary_data/Sp4b6.5nF2nAS3mF-0.7mAS-1.01T64L20/meson_extraction_f_av_samples.json
    jobid: 133
    reason: Missing output files: intermediary_data/Sp4b6.5nF2nAS3mF-0.7mAS-1.01T64L20/meson_extraction_f_av_samples.json
    wildcards: Nc=4, beta=6.5, nF=2, nAS=3, mF=-0.7, mAS=-1.01, Nt=64, Ns=20, channel=f_av
    resources: tmpdir=/tmp

Activating conda environment: .snakemake/conda/755e7e971b3e47f1d7eee7112214e604_
[Tue Dec  3 18:15:34 2024]
Error in rule gevp_meson_mass:
    jobid: 7
    input: data_assets/corr_sp4_dyn_mix.h5, src/mass_gevp_meson.py
    output: intermediary_data/Sp4b6.5nF2nAS3mF-0.71mAS-1.01T48L20/meson_gevp_f_av_samples.json, intermediary_data/Sp4b6.5nF2nAS3mF-0.71mAS-1.01T48L20/meson_gevp_f_av_eff_mass.pdf
    conda-env: /home/niccolo/Downloads/lsd_workflow (1)/dynamical_mix_LSD_analysis/.snakemake/conda/755e7e971b3e47f1d7eee7112214e604_
    shell:
        python -m src.mass_gevp_meson data_assets/corr_sp4_dyn_mix.h5 --output_file_samples intermediary_data/Sp4b6.5nF2nAS3mF-0.71mAS-1.01T48L20/meson_gevp_f_av_samples.json --ensemble_name M1 --effmass_plot_file intermediary_data/Sp4b6.5nF2nAS3mF-0.71mAS-1.01T48L20/meson_gevp_f_av_eff_mass.pdf --plot_styles styles/paperdraft.mplstyle --beta 6.5 --mF -0.71 --mAS -1.01 --Nt 48 --Ns 20 --min_trajectory 3006 --max_trajectory 15214 --trajectory_step 14 --channel f_av --gevp_t0 1 --E0_plateau_start 9 --E0_plateau_end 18 --E1_plateau_start 12 --E1_plateau_end 14 --E2_plateau_start 9 --E2_plateau_end 11
        (one of the commands exited with non-zero exit code; note that snakemake uses bash strict mode!)

Removing output files of failed job gevp_meson_mass since they might be corrupted:
intermediary_data/Sp4b6.5nF2nAS3mF-0.71mAS-1.01T48L20/meson_gevp_f_av_samples.json
[Tue Dec  3 18:15:37 2024]
Finished job 139.
4 of 181 steps (2%) done
[Tue Dec  3 18:15:39 2024]
Finished job 104.
5 of 181 steps (3%) done
[Tue Dec  3 18:15:41 2024]
Finished job 27.
6 of 181 steps (3%) done
[Tue Dec  3 18:15:53 2024]
Finished job 133.
7 of 181 steps (4%) done
[Tue Dec  3 18:15:55 2024]
Finished job 119.
8 of 181 steps (4%) done
Shutting down, this might take some time.
Exiting because a job execution failed. Look above for error message
Complete log: .snakemake/log/2024-12-03T181441.548975.snakemake.log
WorkflowError:
At least one job did not complete successfully.
