host: niccolo-HP-ProBook-450-G8-Notebook-PC
Building DAG of jobs...
Using shell: /usr/bin/bash
Provided cores: 6
Rules claiming more threads will be scaled down.
Job stats:
job                         count
------------------------  -------
chimera_matrix_element         30
gevp_chimera_baryon_mass       30
gevp_meson_mass                60
mass_plot                       1
meson_matrix_element           60
total                         181

Select jobs to execute...
Execute 6 jobs...

[Wed Dec 11 09:38:16 2024]
localrule chimera_matrix_element:
    input: ../input_correlators/chimera_data_reduced.hdf5, src/matrix_element_chimera.py
    output: ../JSONs/Sp4b6.5nF2nAS3mF-0.71mAS-1.01T48L20/chimera_extraction_sigma_even_samples.json
    jobid: 153
    reason: Missing output files: ../JSONs/Sp4b6.5nF2nAS3mF-0.71mAS-1.01T48L20/chimera_extraction_sigma_even_samples.json
    wildcards: Nc=4, beta=6.5, nF=2, nAS=3, mF=-0.71, mAS=-1.01, Nt=48, Ns=20, channel=sigma_even
    resources: tmpdir=/tmp

Activating conda environment: .snakemake/conda/c864d011e50ed9a97316eaea23f05e50_

[Wed Dec 11 09:38:16 2024]
localrule chimera_matrix_element:
    input: ../input_correlators/chimera_data_reduced.hdf5, src/matrix_element_chimera.py
    output: ../JSONs/Sp4b6.5nF2nAS3mF-0.72mAS-1.01T64L32/chimera_extraction_sigmastar_odd_samples.json
    jobid: 180
    reason: Missing output files: ../JSONs/Sp4b6.5nF2nAS3mF-0.72mAS-1.01T64L32/chimera_extraction_sigmastar_odd_samples.json
    wildcards: Nc=4, beta=6.5, nF=2, nAS=3, mF=-0.72, mAS=-1.01, Nt=64, Ns=32, channel=sigmastar_odd
    resources: tmpdir=/tmp

Activating conda environment: .snakemake/conda/c864d011e50ed9a97316eaea23f05e50_

[Wed Dec 11 09:38:16 2024]
localrule gevp_chimera_baryon_mass:
    input: ../input_correlators/chimera_data_reduced.hdf5, src/mass_gevp_chimera.py
    output: ../JSONs/Sp4b6.5nF2nAS3mF-0.72mAS-1.01T64L32/chimera_gevp_sigma_even_samples.json, ../JSONs/Sp4b6.5nF2nAS3mF-0.72mAS-1.01T64L32/chimera_gevp_sigma_even_eff_mass.pdf
    jobid: 87
    reason: Missing output files: ../JSONs/Sp4b6.5nF2nAS3mF-0.72mAS-1.01T64L32/chimera_gevp_sigma_even_samples.json
    wildcards: Nc=4, beta=6.5, nF=2, nAS=3, mF=-0.72, mAS=-1.01, Nt=64, Ns=32, channel=sigma_even
    resources: tmpdir=/tmp

Activating conda environment: .snakemake/conda/c864d011e50ed9a97316eaea23f05e50_

[Wed Dec 11 09:38:17 2024]
localrule chimera_matrix_element:
    input: ../input_correlators/chimera_data_reduced.hdf5, src/matrix_element_chimera.py
    output: ../JSONs/Sp4b6.5nF2nAS3mF-0.71mAS-1.01T96L20/chimera_extraction_sigma_even_samples.json
    jobid: 165
    reason: Missing output files: ../JSONs/Sp4b6.5nF2nAS3mF-0.71mAS-1.01T96L20/chimera_extraction_sigma_even_samples.json
    wildcards: Nc=4, beta=6.5, nF=2, nAS=3, mF=-0.71, mAS=-1.01, Nt=96, Ns=20, channel=sigma_even
    resources: tmpdir=/tmp

Activating conda environment: .snakemake/conda/c864d011e50ed9a97316eaea23f05e50_

[Wed Dec 11 09:38:17 2024]
localrule gevp_meson_mass:
    input: ../input_correlators/chimera_data_reduced.hdf5, src/mass_gevp_meson.py
    output: ../JSONs/Sp4b6.5nF2nAS3mF-0.7mAS-1.01T64L20/meson_gevp_f_s_samples.json, ../JSONs/Sp4b6.5nF2nAS3mF-0.7mAS-1.01T64L20/meson_gevp_f_s_eff_mass.pdf
    jobid: 47
    reason: Missing output files: ../JSONs/Sp4b6.5nF2nAS3mF-0.7mAS-1.01T64L20/meson_gevp_f_s_samples.json
    wildcards: Nc=4, beta=6.5, nF=2, nAS=3, mF=-0.7, mAS=-1.01, Nt=64, Ns=20, channel=f_s
    resources: tmpdir=/tmp

Activating conda environment: .snakemake/conda/c864d011e50ed9a97316eaea23f05e50_

[Wed Dec 11 09:38:17 2024]
localrule meson_matrix_element:
    input: ../input_correlators/chimera_data_reduced.hdf5, src/matrix_element_meson.py
    output: ../JSONs/Sp4b6.5nF2nAS3mF-0.71mAS-1.01T96L20/meson_extraction_f_ps_samples.json
    jobid: 115
    reason: Missing output files: ../JSONs/Sp4b6.5nF2nAS3mF-0.71mAS-1.01T96L20/meson_extraction_f_ps_samples.json
    wildcards: Nc=4, beta=6.5, nF=2, nAS=3, mF=-0.71, mAS=-1.01, Nt=96, Ns=20, channel=f_ps
    resources: tmpdir=/tmp

Activating conda environment: .snakemake/conda/c864d011e50ed9a97316eaea23f05e50_
[Wed Dec 11 09:38:22 2024]
Finished job 153.
1 of 181 steps (1%) done
Select jobs to execute...
Execute 1 jobs...

[Wed Dec 11 09:38:22 2024]
localrule chimera_matrix_element:
    input: ../input_correlators/chimera_data_reduced.hdf5, src/matrix_element_chimera.py
    output: ../JSONs/Sp4b6.5nF2nAS3mF-0.71mAS-1.01T64L20/chimera_extraction_lambda_even_samples.json
    jobid: 157
    reason: Missing output files: ../JSONs/Sp4b6.5nF2nAS3mF-0.71mAS-1.01T64L20/chimera_extraction_lambda_even_samples.json
    wildcards: Nc=4, beta=6.5, nF=2, nAS=3, mF=-0.71, mAS=-1.01, Nt=64, Ns=20, channel=lambda_even
    resources: tmpdir=/tmp

Activating conda environment: .snakemake/conda/c864d011e50ed9a97316eaea23f05e50_
[Wed Dec 11 09:38:23 2024]
Finished job 180.
2 of 181 steps (1%) done
Select jobs to execute...
Execute 1 jobs...

[Wed Dec 11 09:38:23 2024]
localrule chimera_matrix_element:
    input: ../input_correlators/chimera_data_reduced.hdf5, src/matrix_element_chimera.py
    output: ../JSONs/Sp4b6.5nF2nAS3mF-0.71mAS-1.01T64L20/chimera_extraction_sigma_odd_samples.json
    jobid: 160
    reason: Missing output files: ../JSONs/Sp4b6.5nF2nAS3mF-0.71mAS-1.01T64L20/chimera_extraction_sigma_odd_samples.json
    wildcards: Nc=4, beta=6.5, nF=2, nAS=3, mF=-0.71, mAS=-1.01, Nt=64, Ns=20, channel=sigma_odd
    resources: tmpdir=/tmp

Activating conda environment: .snakemake/conda/c864d011e50ed9a97316eaea23f05e50_
[Wed Dec 11 09:38:28 2024]
Finished job 165.
3 of 181 steps (2%) done
Select jobs to execute...
Execute 1 jobs...

[Wed Dec 11 09:38:28 2024]
localrule gevp_chimera_baryon_mass:
    input: ../input_correlators/chimera_data_reduced.hdf5, src/mass_gevp_chimera.py
    output: ../JSONs/Sp4b6.5nF2nAS3mF-0.7mAS-1.01T64L20/chimera_gevp_lambda_even_samples.json, ../JSONs/Sp4b6.5nF2nAS3mF-0.7mAS-1.01T64L20/chimera_gevp_lambda_even_eff_mass.pdf
    jobid: 79
    reason: Missing output files: ../JSONs/Sp4b6.5nF2nAS3mF-0.7mAS-1.01T64L20/chimera_gevp_lambda_even_samples.json
    wildcards: Nc=4, beta=6.5, nF=2, nAS=3, mF=-0.7, mAS=-1.01, Nt=64, Ns=20, channel=lambda_even
    resources: tmpdir=/tmp

Activating conda environment: .snakemake/conda/c864d011e50ed9a97316eaea23f05e50_
[Wed Dec 11 09:38:31 2024]
Finished job 157.
4 of 181 steps (2%) done
Select jobs to execute...
Execute 1 jobs...

[Wed Dec 11 09:38:31 2024]
localrule chimera_matrix_element:
    input: ../input_correlators/chimera_data_reduced.hdf5, src/matrix_element_chimera.py
    output: ../JSONs/Sp4b6.5nF2nAS3mF-0.71mAS-1.01T96L20/chimera_extraction_lambda_even_samples.json
    jobid: 163
    reason: Missing output files: ../JSONs/Sp4b6.5nF2nAS3mF-0.71mAS-1.01T96L20/chimera_extraction_lambda_even_samples.json
    wildcards: Nc=4, beta=6.5, nF=2, nAS=3, mF=-0.71, mAS=-1.01, Nt=96, Ns=20, channel=lambda_even
    resources: tmpdir=/tmp

Activating conda environment: .snakemake/conda/c864d011e50ed9a97316eaea23f05e50_
[Wed Dec 11 09:38:33 2024]
Finished job 160.
5 of 181 steps (3%) done
Select jobs to execute...
Execute 1 jobs...

[Wed Dec 11 09:38:33 2024]
localrule meson_matrix_element:
    input: ../input_correlators/chimera_data_reduced.hdf5, src/matrix_element_meson.py
    output: ../JSONs/Sp4b6.5nF2nAS3mF-0.71mAS-1.01T64L20/meson_extraction_as_ps_samples.json
    jobid: 104
    reason: Missing output files: ../JSONs/Sp4b6.5nF2nAS3mF-0.71mAS-1.01T64L20/meson_extraction_as_ps_samples.json
    wildcards: Nc=4, beta=6.5, nF=2, nAS=3, mF=-0.71, mAS=-1.01, Nt=64, Ns=20, channel=as_ps
    resources: tmpdir=/tmp

Activating conda environment: .snakemake/conda/c864d011e50ed9a97316eaea23f05e50_
[Wed Dec 11 09:38:34 2024]
Finished job 47.
6 of 181 steps (3%) done
Select jobs to execute...
Execute 1 jobs...

[Wed Dec 11 09:38:34 2024]
localrule meson_matrix_element:
    input: ../input_correlators/chimera_data_reduced.hdf5, src/matrix_element_meson.py
    output: ../JSONs/Sp4b6.5nF2nAS3mF-0.71mAS-1.01T96L20/meson_extraction_f_t_samples.json
    jobid: 119
    reason: Missing output files: ../JSONs/Sp4b6.5nF2nAS3mF-0.71mAS-1.01T96L20/meson_extraction_f_t_samples.json
    wildcards: Nc=4, beta=6.5, nF=2, nAS=3, mF=-0.71, mAS=-1.01, Nt=96, Ns=20, channel=f_t
    resources: tmpdir=/tmp

Activating conda environment: .snakemake/conda/c864d011e50ed9a97316eaea23f05e50_
[Wed Dec 11 09:38:39 2024]
Finished job 87.
7 of 181 steps (4%) done
Select jobs to execute...
Execute 1 jobs...

[Wed Dec 11 09:38:39 2024]
localrule meson_matrix_element:
    input: ../input_correlators/chimera_data_reduced.hdf5, src/matrix_element_meson.py
    output: ../JSONs/Sp4b6.5nF2nAS3mF-0.71mAS-1.01T48L20/meson_extraction_as_at_samples.json
    jobid: 100
    reason: Missing output files: ../JSONs/Sp4b6.5nF2nAS3mF-0.71mAS-1.01T48L20/meson_extraction_as_at_samples.json
    wildcards: Nc=4, beta=6.5, nF=2, nAS=3, mF=-0.71, mAS=-1.01, Nt=48, Ns=20, channel=as_at
    resources: tmpdir=/tmp

Activating conda environment: .snakemake/conda/c864d011e50ed9a97316eaea23f05e50_
[Wed Dec 11 09:38:44 2024]
Finished job 163.
8 of 181 steps (4%) done
Select jobs to execute...
Execute 1 jobs...

[Wed Dec 11 09:38:44 2024]
localrule meson_matrix_element:
    input: ../input_correlators/chimera_data_reduced.hdf5, src/matrix_element_meson.py
    output: ../JSONs/Sp4b6.5nF2nAS3mF-0.7mAS-1.01T64L20/meson_extraction_as_av_samples.json
    jobid: 134
    reason: Missing output files: ../JSONs/Sp4b6.5nF2nAS3mF-0.7mAS-1.01T64L20/meson_extraction_as_av_samples.json
    wildcards: Nc=4, beta=6.5, nF=2, nAS=3, mF=-0.7, mAS=-1.01, Nt=64, Ns=20, channel=as_av
    resources: tmpdir=/tmp

Activating conda environment: .snakemake/conda/c864d011e50ed9a97316eaea23f05e50_
[Wed Dec 11 09:38:51 2024]
Finished job 79.
9 of 181 steps (5%) done
Select jobs to execute...
Execute 1 jobs...

[Wed Dec 11 09:38:51 2024]
localrule gevp_meson_mass:
    input: ../input_correlators/chimera_data_reduced.hdf5, src/mass_gevp_meson.py
    output: ../JSONs/Sp4b6.5nF2nAS3mF-0.72mAS-1.01T64L32/meson_gevp_f_s_samples.json, ../JSONs/Sp4b6.5nF2nAS3mF-0.72mAS-1.01T64L32/meson_gevp_f_s_eff_mass.pdf
    jobid: 59
    reason: Missing output files: ../JSONs/Sp4b6.5nF2nAS3mF-0.72mAS-1.01T64L32/meson_gevp_f_s_samples.json
    wildcards: Nc=4, beta=6.5, nF=2, nAS=3, mF=-0.72, mAS=-1.01, Nt=64, Ns=32, channel=f_s
    resources: tmpdir=/tmp

Activating conda environment: .snakemake/conda/c864d011e50ed9a97316eaea23f05e50_
[Wed Dec 11 09:38:52 2024]
Finished job 104.
10 of 181 steps (6%) done
Select jobs to execute...
Execute 1 jobs...

[Wed Dec 11 09:38:52 2024]
localrule meson_matrix_element:
    input: ../input_correlators/chimera_data_reduced.hdf5, src/matrix_element_meson.py
    output: ../JSONs/Sp4b6.5nF2nAS3mF-0.72mAS-1.01T64L32/meson_extraction_f_s_samples.json
    jobid: 149
    reason: Missing output files: ../JSONs/Sp4b6.5nF2nAS3mF-0.72mAS-1.01T64L32/meson_extraction_f_s_samples.json
    wildcards: Nc=4, beta=6.5, nF=2, nAS=3, mF=-0.72, mAS=-1.01, Nt=64, Ns=32, channel=f_s
    resources: tmpdir=/tmp

Activating conda environment: .snakemake/conda/c864d011e50ed9a97316eaea23f05e50_
[Wed Dec 11 09:39:03 2024]
Finished job 115.
11 of 181 steps (6%) done
Select jobs to execute...
Execute 1 jobs...

[Wed Dec 11 09:39:03 2024]
localrule gevp_meson_mass:
    input: ../input_correlators/chimera_data_reduced.hdf5, src/mass_gevp_meson.py
    output: ../JSONs/Sp4b6.5nF2nAS3mF-0.72mAS-1.01T64L32/meson_gevp_f_ps_samples.json, ../JSONs/Sp4b6.5nF2nAS3mF-0.72mAS-1.01T64L32/meson_gevp_f_ps_eff_mass.pdf
    jobid: 49
    reason: Missing output files: ../JSONs/Sp4b6.5nF2nAS3mF-0.72mAS-1.01T64L32/meson_gevp_f_ps_samples.json
    wildcards: Nc=4, beta=6.5, nF=2, nAS=3, mF=-0.72, mAS=-1.01, Nt=64, Ns=32, channel=f_ps
    resources: tmpdir=/tmp

Activating conda environment: .snakemake/conda/c864d011e50ed9a97316eaea23f05e50_
Terminating processes on user request, this might take some time.
