Assuming unrestricted shared filesystem usage.
None
host: sl2.sunbird.supercomputingwales.ac.uk
Building DAG of jobs...
Creating conda environment workflow/envs/flow_analysis.yml...
Downloading and installing remote packages.
Cleaning up conda package tarballs.
Environment for /scratch/s.2227764/chimera_def12/spectral_density_CB_mesons_2024/plateaus/workflow/rules/../envs/flow_analysis.yml created (location: .snakemake/conda/0b31db4a2010951a246d171c3c5cf2ff_)
Using shell: /usr/bin/bash
Provided cores: 6
Rules claiming more threads will be scaled down.
Job stats:
job                         count
------------------------  -------
chimera_matrix_element         30
gevp_chimera_baryon_mass       30
gevp_meson_mass                60
mass_plot                       1
meson_matrix_element           60
total                         181

Select jobs to execute...
Execute 6 jobs...
[Wed May 28 12:30:08 2025]
localrule meson_matrix_element:
    input: ../input_correlators/chimera_data_reduced.hdf5, src/matrix_element_meson.py
    output: ../JSONs/Sp4b6.5nF2nAS3mF-0.71mAS-1.01T64L20/meson_extraction_f_v_samples.json
    jobid: 105
    reason: Missing output files: ../JSONs/Sp4b6.5nF2nAS3mF-0.71mAS-1.01T64L20/meson_extraction_f_v_samples.json; Software environment definition has changed since last execution
    wildcards: Nc=4, beta=6.5, nF=2, nAS=3, mF=-0.71, mAS=-1.01, Nt=64, Ns=20, channel=f_v
    resources: tmpdir=/tmp

Activating conda environment: .snakemake/conda/0b31db4a2010951a246d171c3c5cf2ff_
[Wed May 28 12:30:08 2025]
localrule gevp_meson_mass:
    input: ../input_correlators/chimera_data_reduced.hdf5, src/mass_gevp_meson.py
    output: ../JSONs/Sp4b6.5nF2nAS3mF-0.71mAS-1.01T64L20/meson_gevp_f_v_samples.json
    jobid: 15
    reason: Missing output files: ../JSONs/Sp4b6.5nF2nAS3mF-0.71mAS-1.01T64L20/meson_gevp_f_v_samples.json; Software environment definition has changed since last execution
    wildcards: Nc=4, beta=6.5, nF=2, nAS=3, mF=-0.71, mAS=-1.01, Nt=64, Ns=20, channel=f_v
    resources: tmpdir=/tmp

Activating conda environment: .snakemake/conda/0b31db4a2010951a246d171c3c5cf2ff_
[Wed May 28 12:30:08 2025]
localrule gevp_meson_mass:
    input: ../input_correlators/chimera_data_reduced.hdf5, src/mass_gevp_meson.py
    output: ../JSONs/Sp4b6.5nF2nAS3mF-0.7mAS-1.01T64L20/meson_gevp_f_at_samples.json
    jobid: 45
    reason: Missing output files: ../JSONs/Sp4b6.5nF2nAS3mF-0.7mAS-1.01T64L20/meson_gevp_f_at_samples.json; Software environment definition has changed since last execution
    wildcards: Nc=4, beta=6.5, nF=2, nAS=3, mF=-0.7, mAS=-1.01, Nt=64, Ns=20, channel=f_at
    resources: tmpdir=/tmp

Activating conda environment: .snakemake/conda/0b31db4a2010951a246d171c3c5cf2ff_
[Wed May 28 12:30:09 2025]
localrule gevp_chimera_baryon_mass:
    input: ../input_correlators/chimera_data_reduced.hdf5, src/mass_gevp_chimera.py
    output: ../JSONs/Sp4b6.5nF2nAS3mF-0.71mAS-1.01T48L20/chimera_gevp_sigma_even_samples.json
    jobid: 63
    reason: Missing output files: ../JSONs/Sp4b6.5nF2nAS3mF-0.71mAS-1.01T48L20/chimera_gevp_sigma_even_samples.json; Software environment definition has changed since last execution
    wildcards: Nc=4, beta=6.5, nF=2, nAS=3, mF=-0.71, mAS=-1.01, Nt=48, Ns=20, channel=sigma_even
    resources: tmpdir=/tmp

Activating conda environment: .snakemake/conda/0b31db4a2010951a246d171c3c5cf2ff_
[Wed May 28 12:30:09 2025]
localrule gevp_chimera_baryon_mass:
    input: ../input_correlators/chimera_data_reduced.hdf5, src/mass_gevp_chimera.py
    output: ../JSONs/Sp4b6.5nF2nAS3mF-0.72mAS-1.01T64L32/chimera_gevp_sigmastar_odd_samples.json
    jobid: 90
    reason: Missing output files: ../JSONs/Sp4b6.5nF2nAS3mF-0.72mAS-1.01T64L32/chimera_gevp_sigmastar_odd_samples.json; Software environment definition has changed since last execution
    wildcards: Nc=4, beta=6.5, nF=2, nAS=3, mF=-0.72, mAS=-1.01, Nt=64, Ns=32, channel=sigmastar_odd
    resources: tmpdir=/tmp

Activating conda environment: .snakemake/conda/0b31db4a2010951a246d171c3c5cf2ff_
[Wed May 28 12:30:09 2025]
localrule gevp_chimera_baryon_mass:
    input: ../input_correlators/chimera_data_reduced.hdf5, src/mass_gevp_chimera.py
    output: ../JSONs/Sp4b6.5nF2nAS3mF-0.7mAS-1.01T64L20/chimera_gevp_lambda_even_samples.json
    jobid: 79
    reason: Missing output files: ../JSONs/Sp4b6.5nF2nAS3mF-0.7mAS-1.01T64L20/chimera_gevp_lambda_even_samples.json; Software environment definition has changed since last execution
    wildcards: Nc=4, beta=6.5, nF=2, nAS=3, mF=-0.7, mAS=-1.01, Nt=64, Ns=20, channel=lambda_even
    resources: tmpdir=/tmp

Activating conda environment: .snakemake/conda/0b31db4a2010951a246d171c3c5cf2ff_
Select jobs to execute...
[Wed May 28 12:30:18 2025]
Finished jobid: 90 (Rule: gevp_chimera_baryon_mass)
1 of 181 steps (1%) done
Execute 1 jobs...
[Wed May 28 12:30:19 2025]
localrule meson_matrix_element:
    input: ../input_correlators/chimera_data_reduced.hdf5, src/matrix_element_meson.py
    output: ../JSONs/Sp4b6.5nF2nAS3mF-0.7mAS-1.01T64L20/meson_extraction_as_v_samples.json
    jobid: 130
    reason: Missing output files: ../JSONs/Sp4b6.5nF2nAS3mF-0.7mAS-1.01T64L20/meson_extraction_as_v_samples.json; Software environment definition has changed since last execution
    wildcards: Nc=4, beta=6.5, nF=2, nAS=3, mF=-0.7, mAS=-1.01, Nt=64, Ns=20, channel=as_v
    resources: tmpdir=/tmp

Activating conda environment: .snakemake/conda/0b31db4a2010951a246d171c3c5cf2ff_
Select jobs to execute...
[Wed May 28 12:30:21 2025]
Finished jobid: 15 (Rule: gevp_meson_mass)
2 of 181 steps (1%) done
Execute 1 jobs...
[Wed May 28 12:30:21 2025]
localrule chimera_matrix_element:
    input: ../input_correlators/chimera_data_reduced.hdf5, src/matrix_element_chimera.py
    output: ../JSONs/Sp4b6.5nF2nAS3mF-0.71mAS-1.01T64L20/chimera_extraction_sigma_odd_samples.json
    jobid: 160
    reason: Missing output files: ../JSONs/Sp4b6.5nF2nAS3mF-0.71mAS-1.01T64L20/chimera_extraction_sigma_odd_samples.json; Software environment definition has changed since last execution
    wildcards: Nc=4, beta=6.5, nF=2, nAS=3, mF=-0.71, mAS=-1.01, Nt=64, Ns=20, channel=sigma_odd
    resources: tmpdir=/tmp

Activating conda environment: .snakemake/conda/0b31db4a2010951a246d171c3c5cf2ff_
Select jobs to execute...
[Wed May 28 12:30:21 2025]
Finished jobid: 45 (Rule: gevp_meson_mass)
3 of 181 steps (2%) done
Execute 1 jobs...
[Wed May 28 12:30:21 2025]
localrule gevp_meson_mass:
    input: ../input_correlators/chimera_data_reduced.hdf5, src/mass_gevp_meson.py
    output: ../JSONs/Sp4b6.5nF2nAS3mF-0.71mAS-1.01T48L20/meson_gevp_as_at_samples.json
    jobid: 10
    reason: Missing output files: ../JSONs/Sp4b6.5nF2nAS3mF-0.71mAS-1.01T48L20/meson_gevp_as_at_samples.json; Software environment definition has changed since last execution
    wildcards: Nc=4, beta=6.5, nF=2, nAS=3, mF=-0.71, mAS=-1.01, Nt=48, Ns=20, channel=as_at
    resources: tmpdir=/tmp

Activating conda environment: .snakemake/conda/0b31db4a2010951a246d171c3c5cf2ff_
Select jobs to execute...
[Wed May 28 12:30:24 2025]
Finished jobid: 79 (Rule: gevp_chimera_baryon_mass)
4 of 181 steps (2%) done
Execute 1 jobs...
[Wed May 28 12:30:24 2025]
localrule gevp_meson_mass:
    input: ../input_correlators/chimera_data_reduced.hdf5, src/mass_gevp_meson.py
    output: ../JSONs/Sp4b6.5nF2nAS3mF-0.71mAS-1.01T96L20/meson_gevp_f_ps_samples.json
    jobid: 25
    reason: Missing output files: ../JSONs/Sp4b6.5nF2nAS3mF-0.71mAS-1.01T96L20/meson_gevp_f_ps_samples.json; Software environment definition has changed since last execution
    wildcards: Nc=4, beta=6.5, nF=2, nAS=3, mF=-0.71, mAS=-1.01, Nt=96, Ns=20, channel=f_ps
    resources: tmpdir=/tmp

Activating conda environment: .snakemake/conda/0b31db4a2010951a246d171c3c5cf2ff_
Select jobs to execute...
[Wed May 28 12:30:25 2025]
Finished jobid: 63 (Rule: gevp_chimera_baryon_mass)
5 of 181 steps (3%) done
Execute 1 jobs...
[Wed May 28 12:30:25 2025]
localrule gevp_meson_mass:
    input: ../input_correlators/chimera_data_reduced.hdf5, src/mass_gevp_meson.py
    output: ../JSONs/Sp4b6.5nF2nAS3mF-0.7mAS-1.01T64L20/meson_gevp_as_v_samples.json
    jobid: 40
    reason: Missing output files: ../JSONs/Sp4b6.5nF2nAS3mF-0.7mAS-1.01T64L20/meson_gevp_as_v_samples.json; Software environment definition has changed since last execution
    wildcards: Nc=4, beta=6.5, nF=2, nAS=3, mF=-0.7, mAS=-1.01, Nt=64, Ns=20, channel=as_v
    resources: tmpdir=/tmp

Activating conda environment: .snakemake/conda/0b31db4a2010951a246d171c3c5cf2ff_
Select jobs to execute...
[Wed May 28 12:30:26 2025]
Finished jobid: 160 (Rule: chimera_matrix_element)
6 of 181 steps (3%) done
Execute 1 jobs...
[Wed May 28 12:30:26 2025]
localrule gevp_meson_mass:
    input: ../input_correlators/chimera_data_reduced.hdf5, src/mass_gevp_meson.py
    output: ../JSONs/Sp4b6.5nF2nAS3mF-0.72mAS-1.01T64L32/meson_gevp_f_av_samples.json
    jobid: 55
    reason: Missing output files: ../JSONs/Sp4b6.5nF2nAS3mF-0.72mAS-1.01T64L32/meson_gevp_f_av_samples.json; Software environment definition has changed since last execution
    wildcards: Nc=4, beta=6.5, nF=2, nAS=3, mF=-0.72, mAS=-1.01, Nt=64, Ns=32, channel=f_av
    resources: tmpdir=/tmp

Activating conda environment: .snakemake/conda/0b31db4a2010951a246d171c3c5cf2ff_
Select jobs to execute...
[Wed May 28 12:30:32 2025]
Finished jobid: 10 (Rule: gevp_meson_mass)
7 of 181 steps (4%) done
Execute 1 jobs...
[Wed May 28 12:30:33 2025]
localrule chimera_matrix_element:
    input: ../input_correlators/chimera_data_reduced.hdf5, src/matrix_element_chimera.py
    output: ../JSONs/Sp4b6.5nF2nAS3mF-0.72mAS-1.01T64L32/chimera_extraction_lambda_even_samples.json
    jobid: 175
    reason: Missing output files: ../JSONs/Sp4b6.5nF2nAS3mF-0.72mAS-1.01T64L32/chimera_extraction_lambda_even_samples.json; Software environment definition has changed since last execution
    wildcards: Nc=4, beta=6.5, nF=2, nAS=3, mF=-0.72, mAS=-1.01, Nt=64, Ns=32, channel=lambda_even
    resources: tmpdir=/tmp

Activating conda environment: .snakemake/conda/0b31db4a2010951a246d171c3c5cf2ff_
Select jobs to execute...
[Wed May 28 12:30:33 2025]
Finished jobid: 130 (Rule: meson_matrix_element)
8 of 181 steps (4%) done
Execute 1 jobs...
[Wed May 28 12:30:33 2025]
localrule chimera_matrix_element:
    input: ../input_correlators/chimera_data_reduced.hdf5, src/matrix_element_chimera.py
    output: ../JSONs/Sp4b6.5nF2nAS3mF-0.71mAS-1.01T48L20/chimera_extraction_lambda_odd_samples.json
    jobid: 152
    reason: Missing output files: ../JSONs/Sp4b6.5nF2nAS3mF-0.71mAS-1.01T48L20/chimera_extraction_lambda_odd_samples.json; Software environment definition has changed since last execution
    wildcards: Nc=4, beta=6.5, nF=2, nAS=3, mF=-0.71, mAS=-1.01, Nt=48, Ns=20, channel=lambda_odd
    resources: tmpdir=/tmp

Activating conda environment: .snakemake/conda/0b31db4a2010951a246d171c3c5cf2ff_
Select jobs to execute...
[Wed May 28 12:30:33 2025]
Finished jobid: 105 (Rule: meson_matrix_element)
9 of 181 steps (5%) done
Execute 1 jobs...
[Wed May 28 12:30:34 2025]
localrule meson_matrix_element:
    input: ../input_correlators/chimera_data_reduced.hdf5, src/matrix_element_meson.py
    output: ../JSONs/Sp4b6.5nF2nAS3mF-0.72mAS-1.01T64L32/meson_extraction_f_av_samples.json
    jobid: 145
    reason: Missing output files: ../JSONs/Sp4b6.5nF2nAS3mF-0.72mAS-1.01T64L32/meson_extraction_f_av_samples.json; Software environment definition has changed since last execution
    wildcards: Nc=4, beta=6.5, nF=2, nAS=3, mF=-0.72, mAS=-1.01, Nt=64, Ns=32, channel=f_av
    resources: tmpdir=/tmp

Activating conda environment: .snakemake/conda/0b31db4a2010951a246d171c3c5cf2ff_
[Wed May 28 12:30:34 2025]
Finished jobid: 55 (Rule: gevp_meson_mass)
10 of 181 steps (6%) done
Select jobs to execute...
Execute 1 jobs...
[Wed May 28 12:30:34 2025]
localrule chimera_matrix_element:
    input: ../input_correlators/chimera_data_reduced.hdf5, src/matrix_element_chimera.py
    output: ../JSONs/Sp4b6.5nF2nAS3mF-0.72mAS-1.01T64L32/chimera_extraction_lambda_odd_samples.json
    jobid: 176
    reason: Missing output files: ../JSONs/Sp4b6.5nF2nAS3mF-0.72mAS-1.01T64L32/chimera_extraction_lambda_odd_samples.json; Software environment definition has changed since last execution
    wildcards: Nc=4, beta=6.5, nF=2, nAS=3, mF=-0.72, mAS=-1.01, Nt=64, Ns=32, channel=lambda_odd
    resources: tmpdir=/tmp

Activating conda environment: .snakemake/conda/0b31db4a2010951a246d171c3c5cf2ff_
Select jobs to execute...
[Wed May 28 12:30:36 2025]
Finished jobid: 25 (Rule: gevp_meson_mass)
11 of 181 steps (6%) done
Execute 1 jobs...
[Wed May 28 12:30:36 2025]
localrule meson_matrix_element:
    input: ../input_correlators/chimera_data_reduced.hdf5, src/matrix_element_meson.py
    output: ../JSONs/Sp4b6.5nF2nAS3mF-0.71mAS-1.01T48L20/meson_extraction_as_at_samples.json
    jobid: 100
    reason: Missing output files: ../JSONs/Sp4b6.5nF2nAS3mF-0.71mAS-1.01T48L20/meson_extraction_as_at_samples.json; Software environment definition has changed since last execution
    wildcards: Nc=4, beta=6.5, nF=2, nAS=3, mF=-0.71, mAS=-1.01, Nt=48, Ns=20, channel=as_at
    resources: tmpdir=/tmp

Activating conda environment: .snakemake/conda/0b31db4a2010951a246d171c3c5cf2ff_
Select jobs to execute...
[Wed May 28 12:30:36 2025]
Finished jobid: 40 (Rule: gevp_meson_mass)
12 of 181 steps (7%) done
Execute 1 jobs...
[Wed May 28 12:30:36 2025]
localrule gevp_chimera_baryon_mass:
    input: ../input_correlators/chimera_data_reduced.hdf5, src/mass_gevp_chimera.py
    output: ../JSONs/Sp4b6.5nF2nAS3mF-0.71mAS-1.01T96L20/chimera_gevp_lambda_odd_samples.json
    jobid: 74
    reason: Missing output files: ../JSONs/Sp4b6.5nF2nAS3mF-0.71mAS-1.01T96L20/chimera_gevp_lambda_odd_samples.json; Software environment definition has changed since last execution
    wildcards: Nc=4, beta=6.5, nF=2, nAS=3, mF=-0.71, mAS=-1.01, Nt=96, Ns=20, channel=lambda_odd
    resources: tmpdir=/tmp

Activating conda environment: .snakemake/conda/0b31db4a2010951a246d171c3c5cf2ff_
Select jobs to execute...
[Wed May 28 12:30:38 2025]
Finished jobid: 175 (Rule: chimera_matrix_element)
13 of 181 steps (7%) done
Execute 1 jobs...
[Wed May 28 12:30:38 2025]
localrule meson_matrix_element:
    input: ../input_correlators/chimera_data_reduced.hdf5, src/matrix_element_meson.py
    output: ../JSONs/Sp4b6.5nF2nAS3mF-0.71mAS-1.01T64L20/meson_extraction_as_ps_samples.json
    jobid: 104
    reason: Missing output files: ../JSONs/Sp4b6.5nF2nAS3mF-0.71mAS-1.01T64L20/meson_extraction_as_ps_samples.json; Software environment definition has changed since last execution
    wildcards: Nc=4, beta=6.5, nF=2, nAS=3, mF=-0.71, mAS=-1.01, Nt=64, Ns=20, channel=as_ps
    resources: tmpdir=/tmp

Activating conda environment: .snakemake/conda/0b31db4a2010951a246d171c3c5cf2ff_
Select jobs to execute...
[Wed May 28 12:30:38 2025]
Finished jobid: 152 (Rule: chimera_matrix_element)
14 of 181 steps (8%) done
Execute 1 jobs...
[Wed May 28 12:30:38 2025]
localrule meson_matrix_element:
    input: ../input_correlators/chimera_data_reduced.hdf5, src/matrix_element_meson.py
    output: ../JSONs/Sp4b6.5nF2nAS3mF-0.7mAS-1.01T64L20/meson_extraction_as_av_samples.json
    jobid: 134
    reason: Missing output files: ../JSONs/Sp4b6.5nF2nAS3mF-0.7mAS-1.01T64L20/meson_extraction_as_av_samples.json; Software environment definition has changed since last execution
    wildcards: Nc=4, beta=6.5, nF=2, nAS=3, mF=-0.7, mAS=-1.01, Nt=64, Ns=20, channel=as_av
    resources: tmpdir=/tmp

Activating conda environment: .snakemake/conda/0b31db4a2010951a246d171c3c5cf2ff_
Select jobs to execute...
[Wed May 28 12:30:39 2025]
Finished jobid: 176 (Rule: chimera_matrix_element)
15 of 181 steps (8%) done
Execute 1 jobs...
[Wed May 28 12:30:39 2025]
localrule meson_matrix_element:
    input: ../input_correlators/chimera_data_reduced.hdf5, src/matrix_element_meson.py
    output: ../JSONs/Sp4b6.5nF2nAS3mF-0.71mAS-1.01T96L20/meson_extraction_f_t_samples.json
    jobid: 119
    reason: Missing output files: ../JSONs/Sp4b6.5nF2nAS3mF-0.71mAS-1.01T96L20/meson_extraction_f_t_samples.json; Software environment definition has changed since last execution
    wildcards: Nc=4, beta=6.5, nF=2, nAS=3, mF=-0.71, mAS=-1.01, Nt=96, Ns=20, channel=f_t
    resources: tmpdir=/tmp

Activating conda environment: .snakemake/conda/0b31db4a2010951a246d171c3c5cf2ff_
Select jobs to execute...
[Wed May 28 12:30:46 2025]
Finished jobid: 104 (Rule: meson_matrix_element)
16 of 181 steps (9%) done
Execute 1 jobs...
[Wed May 28 12:30:47 2025]
localrule meson_matrix_element:
    input: ../input_correlators/chimera_data_reduced.hdf5, src/matrix_element_meson.py
    output: ../JSONs/Sp4b6.5nF2nAS3mF-0.72mAS-1.01T64L32/meson_extraction_f_s_samples.json
    jobid: 149
    reason: Missing output files: ../JSONs/Sp4b6.5nF2nAS3mF-0.72mAS-1.01T64L32/meson_extraction_f_s_samples.json; Software environment definition has changed since last execution
    wildcards: Nc=4, beta=6.5, nF=2, nAS=3, mF=-0.72, mAS=-1.01, Nt=64, Ns=32, channel=f_s
    resources: tmpdir=/tmp

Activating conda environment: .snakemake/conda/0b31db4a2010951a246d171c3c5cf2ff_
Select jobs to execute...
Terminating processes on user request, this might take some time.
RuleException:
CalledProcessError in file "/scratch/s.2227764/chimera_def12/spectral_density_CB_mesons_2024/plateaus/workflow/rules/mass.smk", line 106:
Command 'source /home/s.2227764/.conda/envs/snakemake_x86/bin/activate '/scratch/s.2227764/chimera_def12/spectral_density_CB_mesons_2024/plateaus/.snakemake/conda/0b31db4a2010951a246d171c3c5cf2ff_'; set -euo pipefail;  python -m src.matrix_element_meson ../input_correlators/chimera_data_reduced.hdf5 --output_file_samples ../JSONs/Sp4b6.5nF2nAS3mF-0.72mAS-1.01T64L32/meson_extraction_f_s_samples.json --ensemble_name M5 --beta 6.5 --mF -0.72 --mAS -1.01 --Nt 64 --Ns 32 --min_trajectory 3020 --max_trajectory 8900 --trajectory_step 20 --channel f_s --E0_plateau_start 8 --E0_plateau_end 13' died with <Signals.SIGINT: 2>.
[Wed May 28 12:30:47 2025]
Error in rule meson_matrix_element:
    message: None
    jobid: 149
    input: ../input_correlators/chimera_data_reduced.hdf5, src/matrix_element_meson.py
    output: ../JSONs/Sp4b6.5nF2nAS3mF-0.72mAS-1.01T64L32/meson_extraction_f_s_samples.json
    conda-env: /scratch/s.2227764/chimera_def12/spectral_density_CB_mesons_2024/plateaus/.snakemake/conda/0b31db4a2010951a246d171c3c5cf2ff_
    shell:
        python -m src.matrix_element_meson ../input_correlators/chimera_data_reduced.hdf5 --output_file_samples ../JSONs/Sp4b6.5nF2nAS3mF-0.72mAS-1.01T64L32/meson_extraction_f_s_samples.json --ensemble_name M5 --beta 6.5 --mF -0.72 --mAS -1.01 --Nt 64 --Ns 32 --min_trajectory 3020 --max_trajectory 8900 --trajectory_step 20 --channel f_s --E0_plateau_start 8 --E0_plateau_end 13
        (command exited with non-zero exit code)
