Assuming unrestricted shared filesystem usage.
None
host: niccolo-HP-ProBook-450-G8-Notebook-PC
Building DAG of jobs...
Creating conda environment workflow/envs/flow_analysis.yml...
Downloading and installing remote packages.
Cleaning up conda package tarballs.
Environment for /home/niccolo/work/data_releases/data_release_chimera2/spectral_density_CB_mesons_2024/plateaus/workflow/rules/../envs/flow_analysis.yml created (location: .snakemake/conda/360feae6f78bc665656b5b767427c26f_)
Using shell: /usr/bin/bash
Provided cores: 6
Rules claiming more threads will be scaled down.
Job stats:
job                         count
------------------------  -------
chimera_matrix_element         30
gevp_chimera_baryon_mass       30
gevp_meson_mass                60
mass_plot                       1
meson_matrix_element           60
total                         181

Select jobs to execute...
Execute 6 jobs...
[Mon May 19 14:36:02 2025]
localrule gevp_meson_mass:
    input: ../input_correlators/chimera_data_reduced.hdf5, src/mass_gevp_meson.py
    output: ../JSONs/Sp4b6.5nF2nAS3mF-0.71mAS-1.01T64L20/meson_gevp_as_av_samples.json, ../JSONs/Sp4b6.5nF2nAS3mF-0.71mAS-1.01T64L20/meson_gevp_as_av_eff_mass.pdf
    jobid: 20
    reason: Missing output files: ../JSONs/Sp4b6.5nF2nAS3mF-0.71mAS-1.01T64L20/meson_gevp_as_av_samples.json; Software environment definition has changed since last execution
    wildcards: Nc=4, beta=6.5, nF=2, nAS=3, mF=-0.71, mAS=-1.01, Nt=64, Ns=20, channel=as_av
    resources: tmpdir=/tmp

Activating conda environment: .snakemake/conda/360feae6f78bc665656b5b767427c26f_
[Mon May 19 14:36:02 2025]
localrule gevp_meson_mass:
    input: ../input_correlators/chimera_data_reduced.hdf5, src/mass_gevp_meson.py
    output: ../JSONs/Sp4b6.5nF2nAS3mF-0.7mAS-1.01T64L20/meson_gevp_as_v_samples.json, ../JSONs/Sp4b6.5nF2nAS3mF-0.7mAS-1.01T64L20/meson_gevp_as_v_eff_mass.pdf
    jobid: 40
    reason: Missing output files: ../JSONs/Sp4b6.5nF2nAS3mF-0.7mAS-1.01T64L20/meson_gevp_as_v_samples.json; Software environment definition has changed since last execution
    wildcards: Nc=4, beta=6.5, nF=2, nAS=3, mF=-0.7, mAS=-1.01, Nt=64, Ns=20, channel=as_v
    resources: tmpdir=/tmp

Activating conda environment: .snakemake/conda/360feae6f78bc665656b5b767427c26f_
[Mon May 19 14:36:02 2025]
localrule gevp_chimera_baryon_mass:
    input: ../input_correlators/chimera_data_reduced.hdf5, src/mass_gevp_chimera.py
    output: ../JSONs/Sp4b6.5nF2nAS3mF-0.71mAS-1.01T64L20/chimera_gevp_sigma_odd_samples.json, ../JSONs/Sp4b6.5nF2nAS3mF-0.71mAS-1.01T64L20/chimera_gevp_sigma_odd_eff_mass.pdf
    jobid: 70
    reason: Missing output files: ../JSONs/Sp4b6.5nF2nAS3mF-0.71mAS-1.01T64L20/chimera_gevp_sigma_odd_samples.json; Software environment definition has changed since last execution
    wildcards: Nc=4, beta=6.5, nF=2, nAS=3, mF=-0.71, mAS=-1.01, Nt=64, Ns=20, channel=sigma_odd
    resources: tmpdir=/tmp

Activating conda environment: .snakemake/conda/360feae6f78bc665656b5b767427c26f_
[Mon May 19 14:36:03 2025]
localrule gevp_meson_mass:
    input: ../input_correlators/chimera_data_reduced.hdf5, src/mass_gevp_meson.py
    output: ../JSONs/Sp4b6.5nF2nAS3mF-0.71mAS-1.01T48L20/meson_gevp_as_at_samples.json, ../JSONs/Sp4b6.5nF2nAS3mF-0.71mAS-1.01T48L20/meson_gevp_as_at_eff_mass.pdf
    jobid: 10
    reason: Missing output files: ../JSONs/Sp4b6.5nF2nAS3mF-0.71mAS-1.01T48L20/meson_gevp_as_at_samples.json; Software environment definition has changed since last execution
    wildcards: Nc=4, beta=6.5, nF=2, nAS=3, mF=-0.71, mAS=-1.01, Nt=48, Ns=20, channel=as_at
    resources: tmpdir=/tmp

Activating conda environment: .snakemake/conda/360feae6f78bc665656b5b767427c26f_
[Mon May 19 14:36:03 2025]
localrule meson_matrix_element:
    input: ../input_correlators/chimera_data_reduced.hdf5, src/matrix_element_meson.py
    output: ../JSONs/Sp4b6.5nF2nAS3mF-0.71mAS-1.01T96L20/meson_extraction_f_t_samples.json
    jobid: 119
    reason: Missing output files: ../JSONs/Sp4b6.5nF2nAS3mF-0.71mAS-1.01T96L20/meson_extraction_f_t_samples.json; Software environment definition has changed since last execution
    wildcards: Nc=4, beta=6.5, nF=2, nAS=3, mF=-0.71, mAS=-1.01, Nt=96, Ns=20, channel=f_t
    resources: tmpdir=/tmp

Activating conda environment: .snakemake/conda/360feae6f78bc665656b5b767427c26f_
[Mon May 19 14:36:03 2025]
localrule meson_matrix_element:
    input: ../input_correlators/chimera_data_reduced.hdf5, src/matrix_element_meson.py
    output: ../JSONs/Sp4b6.5nF2nAS3mF-0.71mAS-1.01T96L20/meson_extraction_as_t_samples.json
    jobid: 120
    reason: Missing output files: ../JSONs/Sp4b6.5nF2nAS3mF-0.71mAS-1.01T96L20/meson_extraction_as_t_samples.json; Software environment definition has changed since last execution
    wildcards: Nc=4, beta=6.5, nF=2, nAS=3, mF=-0.71, mAS=-1.01, Nt=96, Ns=20, channel=as_t
    resources: tmpdir=/tmp

Activating conda environment: .snakemake/conda/360feae6f78bc665656b5b767427c26f_
Select jobs to execute...
[Mon May 19 14:36:21 2025]
Finished jobid: 40 (Rule: gevp_meson_mass)
1 of 181 steps (1%) done
Execute 1 jobs...
[Mon May 19 14:36:22 2025]
localrule meson_matrix_element:
    input: ../input_correlators/chimera_data_reduced.hdf5, src/matrix_element_meson.py
    output: ../JSONs/Sp4b6.5nF2nAS3mF-0.71mAS-1.01T48L20/meson_extraction_as_t_samples.json
    jobid: 96
    reason: Missing output files: ../JSONs/Sp4b6.5nF2nAS3mF-0.71mAS-1.01T48L20/meson_extraction_as_t_samples.json; Software environment definition has changed since last execution
    wildcards: Nc=4, beta=6.5, nF=2, nAS=3, mF=-0.71, mAS=-1.01, Nt=48, Ns=20, channel=as_t
    resources: tmpdir=/tmp

Activating conda environment: .snakemake/conda/360feae6f78bc665656b5b767427c26f_
Select jobs to execute...
[Mon May 19 14:36:22 2025]
Finished jobid: 20 (Rule: gevp_meson_mass)
2 of 181 steps (1%) done
Execute 1 jobs...
[Mon May 19 14:36:22 2025]
localrule meson_matrix_element:
    input: ../input_correlators/chimera_data_reduced.hdf5, src/matrix_element_meson.py
    output: ../JSONs/Sp4b6.5nF2nAS3mF-0.71mAS-1.01T64L20/meson_extraction_f_at_samples.json
    jobid: 111
    reason: Missing output files: ../JSONs/Sp4b6.5nF2nAS3mF-0.71mAS-1.01T64L20/meson_extraction_f_at_samples.json; Software environment definition has changed since last execution
    wildcards: Nc=4, beta=6.5, nF=2, nAS=3, mF=-0.71, mAS=-1.01, Nt=64, Ns=20, channel=f_at
    resources: tmpdir=/tmp

Activating conda environment: .snakemake/conda/360feae6f78bc665656b5b767427c26f_
[Mon May 19 14:36:22 2025]
Finished jobid: 70 (Rule: gevp_chimera_baryon_mass)
3 of 181 steps (2%) done
Select jobs to execute...
Execute 1 jobs...
[Mon May 19 14:36:23 2025]
localrule meson_matrix_element:
    input: ../input_correlators/chimera_data_reduced.hdf5, src/matrix_element_meson.py
    output: ../JSONs/Sp4b6.5nF2nAS3mF-0.71mAS-1.01T96L20/meson_extraction_as_at_samples.json
    jobid: 124
    reason: Missing output files: ../JSONs/Sp4b6.5nF2nAS3mF-0.71mAS-1.01T96L20/meson_extraction_as_at_samples.json; Software environment definition has changed since last execution
    wildcards: Nc=4, beta=6.5, nF=2, nAS=3, mF=-0.71, mAS=-1.01, Nt=96, Ns=20, channel=as_at
    resources: tmpdir=/tmp

Activating conda environment: .snakemake/conda/360feae6f78bc665656b5b767427c26f_
Select jobs to execute...
[Mon May 19 14:36:24 2025]
Finished jobid: 10 (Rule: gevp_meson_mass)
4 of 181 steps (2%) done
Execute 1 jobs...
[Mon May 19 14:36:24 2025]
localrule meson_matrix_element:
    input: ../input_correlators/chimera_data_reduced.hdf5, src/matrix_element_meson.py
    output: ../JSONs/Sp4b6.5nF2nAS3mF-0.71mAS-1.01T96L20/meson_extraction_as_s_samples.json
    jobid: 126
    reason: Missing output files: ../JSONs/Sp4b6.5nF2nAS3mF-0.71mAS-1.01T96L20/meson_extraction_as_s_samples.json; Software environment definition has changed since last execution
    wildcards: Nc=4, beta=6.5, nF=2, nAS=3, mF=-0.71, mAS=-1.01, Nt=96, Ns=20, channel=as_s
    resources: tmpdir=/tmp

Activating conda environment: .snakemake/conda/360feae6f78bc665656b5b767427c26f_
Select jobs to execute...
[Mon May 19 14:36:44 2025]
Finished jobid: 96 (Rule: meson_matrix_element)
5 of 181 steps (3%) done
Execute 1 jobs...
[Mon May 19 14:36:44 2025]
localrule meson_matrix_element:
    input: ../input_correlators/chimera_data_reduced.hdf5, src/matrix_element_meson.py
    output: ../JSONs/Sp4b6.5nF2nAS3mF-0.72mAS-1.01T64L32/meson_extraction_f_v_samples.json
    jobid: 141
    reason: Missing output files: ../JSONs/Sp4b6.5nF2nAS3mF-0.72mAS-1.01T64L32/meson_extraction_f_v_samples.json; Software environment definition has changed since last execution
    wildcards: Nc=4, beta=6.5, nF=2, nAS=3, mF=-0.72, mAS=-1.01, Nt=64, Ns=32, channel=f_v
    resources: tmpdir=/tmp

Activating conda environment: .snakemake/conda/360feae6f78bc665656b5b767427c26f_
Select jobs to execute...
[Mon May 19 14:36:51 2025]
Finished jobid: 119 (Rule: meson_matrix_element)
6 of 181 steps (3%) done
Execute 1 jobs...
[Mon May 19 14:36:51 2025]
localrule chimera_matrix_element:
    input: ../input_correlators/chimera_data_reduced.hdf5, src/matrix_element_chimera.py
    output: ../JSONs/Sp4b6.5nF2nAS3mF-0.71mAS-1.01T48L20/chimera_extraction_sigmastar_odd_samples.json
    jobid: 156
    reason: Missing output files: ../JSONs/Sp4b6.5nF2nAS3mF-0.71mAS-1.01T48L20/chimera_extraction_sigmastar_odd_samples.json; Software environment definition has changed since last execution
    wildcards: Nc=4, beta=6.5, nF=2, nAS=3, mF=-0.71, mAS=-1.01, Nt=48, Ns=20, channel=sigmastar_odd
    resources: tmpdir=/tmp

Activating conda environment: .snakemake/conda/360feae6f78bc665656b5b767427c26f_
Select jobs to execute...
[Mon May 19 14:36:53 2025]
Finished jobid: 111 (Rule: meson_matrix_element)
7 of 181 steps (4%) done
Execute 1 jobs...
[Mon May 19 14:36:54 2025]
localrule meson_matrix_element:
    input: ../input_correlators/chimera_data_reduced.hdf5, src/matrix_element_meson.py
    output: ../JSONs/Sp4b6.5nF2nAS3mF-0.71mAS-1.01T96L20/meson_extraction_f_av_samples.json
    jobid: 121
    reason: Missing output files: ../JSONs/Sp4b6.5nF2nAS3mF-0.71mAS-1.01T96L20/meson_extraction_f_av_samples.json; Software environment definition has changed since last execution
    wildcards: Nc=4, beta=6.5, nF=2, nAS=3, mF=-0.71, mAS=-1.01, Nt=96, Ns=20, channel=f_av
    resources: tmpdir=/tmp

Activating conda environment: .snakemake/conda/360feae6f78bc665656b5b767427c26f_
Select jobs to execute...
[Mon May 19 14:37:02 2025]
Finished jobid: 156 (Rule: chimera_matrix_element)
8 of 181 steps (4%) done
Execute 1 jobs...
[Mon May 19 14:37:03 2025]
localrule chimera_matrix_element:
    input: ../input_correlators/chimera_data_reduced.hdf5, src/matrix_element_chimera.py
    output: ../JSONs/Sp4b6.5nF2nAS3mF-0.7mAS-1.01T64L20/chimera_extraction_sigma_even_samples.json
    jobid: 171
    reason: Missing output files: ../JSONs/Sp4b6.5nF2nAS3mF-0.7mAS-1.01T64L20/chimera_extraction_sigma_even_samples.json; Software environment definition has changed since last execution
    wildcards: Nc=4, beta=6.5, nF=2, nAS=3, mF=-0.7, mAS=-1.01, Nt=64, Ns=20, channel=sigma_even
    resources: tmpdir=/tmp

Activating conda environment: .snakemake/conda/360feae6f78bc665656b5b767427c26f_
Select jobs to execute...
[Mon May 19 14:37:04 2025]
Finished jobid: 120 (Rule: meson_matrix_element)
9 of 181 steps (5%) done
Execute 1 jobs...
[Mon May 19 14:37:04 2025]
localrule gevp_chimera_baryon_mass:
    input: ../input_correlators/chimera_data_reduced.hdf5, src/mass_gevp_chimera.py
    output: ../JSONs/Sp4b6.5nF2nAS3mF-0.7mAS-1.01T64L20/chimera_gevp_sigma_odd_samples.json, ../JSONs/Sp4b6.5nF2nAS3mF-0.7mAS-1.01T64L20/chimera_gevp_sigma_odd_eff_mass.pdf
    jobid: 82
    reason: Missing output files: ../JSONs/Sp4b6.5nF2nAS3mF-0.7mAS-1.01T64L20/chimera_gevp_sigma_odd_samples.json; Software environment definition has changed since last execution
    wildcards: Nc=4, beta=6.5, nF=2, nAS=3, mF=-0.7, mAS=-1.01, Nt=64, Ns=20, channel=sigma_odd
    resources: tmpdir=/tmp

Activating conda environment: .snakemake/conda/360feae6f78bc665656b5b767427c26f_
Select jobs to execute...
[Mon May 19 14:37:05 2025]
Finished jobid: 141 (Rule: meson_matrix_element)
10 of 181 steps (6%) done
Execute 1 jobs...
[Mon May 19 14:37:06 2025]
localrule gevp_meson_mass:
    input: ../input_correlators/chimera_data_reduced.hdf5, src/mass_gevp_meson.py
    output: ../JSONs/Sp4b6.5nF2nAS3mF-0.71mAS-1.01T96L20/meson_gevp_f_t_samples.json, ../JSONs/Sp4b6.5nF2nAS3mF-0.71mAS-1.01T96L20/meson_gevp_f_t_eff_mass.pdf
    jobid: 29
    reason: Missing output files: ../JSONs/Sp4b6.5nF2nAS3mF-0.71mAS-1.01T96L20/meson_gevp_f_t_samples.json; Software environment definition has changed since last execution
    wildcards: Nc=4, beta=6.5, nF=2, nAS=3, mF=-0.71, mAS=-1.01, Nt=96, Ns=20, channel=f_t
    resources: tmpdir=/tmp

Activating conda environment: .snakemake/conda/360feae6f78bc665656b5b767427c26f_
Select jobs to execute...
Terminating processes on user request, this might take some time.
