Assuming unrestricted shared filesystem usage.
None
host: niccolo-HP-ProBook-450-G8-Notebook-PC
Building DAG of jobs...
Creating conda environment workflow/envs/flow_analysis.yml...
Downloading and installing remote packages.
Cleaning up conda package tarballs.
Environment for /home/niccolo/work/data_releases/data_release_chimera3/spectral_density_CB_mesons_2024/plateaus/workflow/rules/../envs/flow_analysis.yml created (location: .snakemake/conda/6df7b85c571e6e4708a9f4092d21e32b_)
Using shell: /usr/bin/bash
Provided cores: 6
Rules claiming more threads will be scaled down.
Job stats:
job                         count
------------------------  -------
chimera_matrix_element         30
gevp_chimera_baryon_mass       30
gevp_meson_mass                60
mass_plot                       1
meson_matrix_element           60
total                         181

Select jobs to execute...
Execute 6 jobs...
[Tue May 20 09:44:47 2025]
localrule gevp_meson_mass:
    input: ../input_correlators/chimera_data_reduced.hdf5, src/mass_gevp_meson.py
    output: ../JSONs/Sp4b6.5nF2nAS3mF-0.71mAS-1.01T96L20/meson_gevp_as_t_samples.json
    jobid: 30
    reason: Missing output files: ../JSONs/Sp4b6.5nF2nAS3mF-0.71mAS-1.01T96L20/meson_gevp_as_t_samples.json; Software environment definition has changed since last execution
    wildcards: Nc=4, beta=6.5, nF=2, nAS=3, mF=-0.71, mAS=-1.01, Nt=96, Ns=20, channel=as_t
    resources: tmpdir=/tmp

Activating conda environment: .snakemake/conda/6df7b85c571e6e4708a9f4092d21e32b_
[Tue May 20 09:44:48 2025]
localrule gevp_meson_mass:
    input: ../input_correlators/chimera_data_reduced.hdf5, src/mass_gevp_meson.py
    output: ../JSONs/Sp4b6.5nF2nAS3mF-0.71mAS-1.01T96L20/meson_gevp_as_ps_samples.json
    jobid: 26
    reason: Missing output files: ../JSONs/Sp4b6.5nF2nAS3mF-0.71mAS-1.01T96L20/meson_gevp_as_ps_samples.json; Software environment definition has changed since last execution
    wildcards: Nc=4, beta=6.5, nF=2, nAS=3, mF=-0.71, mAS=-1.01, Nt=96, Ns=20, channel=as_ps
    resources: tmpdir=/tmp

Activating conda environment: .snakemake/conda/6df7b85c571e6e4708a9f4092d21e32b_
[Tue May 20 09:44:48 2025]
localrule meson_matrix_element:
    input: ../input_correlators/chimera_data_reduced.hdf5, src/matrix_element_meson.py
    output: ../JSONs/Sp4b6.5nF2nAS3mF-0.71mAS-1.01T96L20/meson_extraction_as_ps_samples.json
    jobid: 116
    reason: Missing output files: ../JSONs/Sp4b6.5nF2nAS3mF-0.71mAS-1.01T96L20/meson_extraction_as_ps_samples.json; Software environment definition has changed since last execution
    wildcards: Nc=4, beta=6.5, nF=2, nAS=3, mF=-0.71, mAS=-1.01, Nt=96, Ns=20, channel=as_ps
    resources: tmpdir=/tmp

Activating conda environment: .snakemake/conda/6df7b85c571e6e4708a9f4092d21e32b_
[Tue May 20 09:44:48 2025]
localrule meson_matrix_element:
    input: ../input_correlators/chimera_data_reduced.hdf5, src/matrix_element_meson.py
    output: ../JSONs/Sp4b6.5nF2nAS3mF-0.7mAS-1.01T64L20/meson_extraction_f_t_samples.json
    jobid: 131
    reason: Missing output files: ../JSONs/Sp4b6.5nF2nAS3mF-0.7mAS-1.01T64L20/meson_extraction_f_t_samples.json; Software environment definition has changed since last execution
    wildcards: Nc=4, beta=6.5, nF=2, nAS=3, mF=-0.7, mAS=-1.01, Nt=64, Ns=20, channel=f_t
    resources: tmpdir=/tmp

Activating conda environment: .snakemake/conda/6df7b85c571e6e4708a9f4092d21e32b_
Terminating processes on user request, this might take some time.
RuleException:
CalledProcessError in file "/home/niccolo/work/data_releases/data_release_chimera3/spectral_density_CB_mesons_2024/plateaus/workflow/rules/mass.smk", line 88:
Command 'source /home/niccolo/miniconda3/envs/snakemake_x86/bin/activate '/home/niccolo/work/data_releases/data_release_chimera3/spectral_density_CB_mesons_2024/plateaus/.snakemake/conda/6df7b85c571e6e4708a9f4092d21e32b_'; set -euo pipefail;  python -m src.mass_gevp_meson ../input_correlators/chimera_data_reduced.hdf5 --output_file_samples ../JSONs/Sp4b6.5nF2nAS3mF-0.71mAS-1.01T96L20/meson_gevp_as_t_samples.json --ensemble_name M3 --beta 6.5 --mF -0.71 --mAS -1.01 --Nt 96 --Ns 20 --min_trajectory 4000 --max_trajectory 52624 --trajectory_step 26 --channel as_t --gevp_t0 1 --E0_plateau_start 30 --E0_plateau_end 37 --E1_plateau_start 8 --E1_plateau_end 13 --E2_plateau_start 0 --E2_plateau_end 0' died with <Signals.SIGINT: 2>.
[Tue May 20 09:44:48 2025]
Error in rule gevp_meson_mass:
    message: None
    jobid: 30
    input: ../input_correlators/chimera_data_reduced.hdf5, src/mass_gevp_meson.py
    output: ../JSONs/Sp4b6.5nF2nAS3mF-0.71mAS-1.01T96L20/meson_gevp_as_t_samples.json
    conda-env: /home/niccolo/work/data_releases/data_release_chimera3/spectral_density_CB_mesons_2024/plateaus/.snakemake/conda/6df7b85c571e6e4708a9f4092d21e32b_
    shell:
        python -m src.mass_gevp_meson ../input_correlators/chimera_data_reduced.hdf5 --output_file_samples ../JSONs/Sp4b6.5nF2nAS3mF-0.71mAS-1.01T96L20/meson_gevp_as_t_samples.json --ensemble_name M3 --beta 6.5 --mF -0.71 --mAS -1.01 --Nt 96 --Ns 20 --min_trajectory 4000 --max_trajectory 52624 --trajectory_step 26 --channel as_t --gevp_t0 1 --E0_plateau_start 30 --E0_plateau_end 37 --E1_plateau_start 8 --E1_plateau_end 13 --E2_plateau_start 0 --E2_plateau_end 0
        (command exited with non-zero exit code)
RuleException:
CalledProcessError in file "/home/niccolo/work/data_releases/data_release_chimera3/spectral_density_CB_mesons_2024/plateaus/workflow/rules/mass.smk", line 88:
Command 'source /home/niccolo/miniconda3/envs/snakemake_x86/bin/activate '/home/niccolo/work/data_releases/data_release_chimera3/spectral_density_CB_mesons_2024/plateaus/.snakemake/conda/6df7b85c571e6e4708a9f4092d21e32b_'; set -euo pipefail;  python -m src.mass_gevp_meson ../input_correlators/chimera_data_reduced.hdf5 --output_file_samples ../JSONs/Sp4b6.5nF2nAS3mF-0.71mAS-1.01T96L20/meson_gevp_as_ps_samples.json --ensemble_name M3 --beta 6.5 --mF -0.71 --mAS -1.01 --Nt 96 --Ns 20 --min_trajectory 4000 --max_trajectory 52624 --trajectory_step 26 --channel as_ps --gevp_t0 1 --E0_plateau_start 31 --E0_plateau_end 43 --E1_plateau_start 6 --E1_plateau_end 13 --E2_plateau_start 8 --E2_plateau_end 11' died with <Signals.SIGINT: 2>.
[Tue May 20 09:44:48 2025]
Error in rule gevp_meson_mass:
    message: None
    jobid: 26
    input: ../input_correlators/chimera_data_reduced.hdf5, src/mass_gevp_meson.py
    output: ../JSONs/Sp4b6.5nF2nAS3mF-0.71mAS-1.01T96L20/meson_gevp_as_ps_samples.json
    conda-env: /home/niccolo/work/data_releases/data_release_chimera3/spectral_density_CB_mesons_2024/plateaus/.snakemake/conda/6df7b85c571e6e4708a9f4092d21e32b_
    shell:
        python -m src.mass_gevp_meson ../input_correlators/chimera_data_reduced.hdf5 --output_file_samples ../JSONs/Sp4b6.5nF2nAS3mF-0.71mAS-1.01T96L20/meson_gevp_as_ps_samples.json --ensemble_name M3 --beta 6.5 --mF -0.71 --mAS -1.01 --Nt 96 --Ns 20 --min_trajectory 4000 --max_trajectory 52624 --trajectory_step 26 --channel as_ps --gevp_t0 1 --E0_plateau_start 31 --E0_plateau_end 43 --E1_plateau_start 6 --E1_plateau_end 13 --E2_plateau_start 8 --E2_plateau_end 11
        (command exited with non-zero exit code)
RuleException:
CalledProcessError in file "/home/niccolo/work/data_releases/data_release_chimera3/spectral_density_CB_mesons_2024/plateaus/workflow/rules/mass.smk", line 108:
Command 'source /home/niccolo/miniconda3/envs/snakemake_x86/bin/activate '/home/niccolo/work/data_releases/data_release_chimera3/spectral_density_CB_mesons_2024/plateaus/.snakemake/conda/6df7b85c571e6e4708a9f4092d21e32b_'; set -euo pipefail;  python -m src.matrix_element_meson ../input_correlators/chimera_data_reduced.hdf5 --output_file_samples ../JSONs/Sp4b6.5nF2nAS3mF-0.71mAS-1.01T96L20/meson_extraction_as_ps_samples.json --ensemble_name M3 --beta 6.5 --mF -0.71 --mAS -1.01 --Nt 96 --Ns 20 --min_trajectory 4000 --max_trajectory 52624 --trajectory_step 26 --channel as_ps --E0_plateau_start 33 --E0_plateau_end 35' died with <Signals.SIGINT: 2>.
[Tue May 20 09:44:48 2025]
Error in rule meson_matrix_element:
    message: None
    jobid: 116
    input: ../input_correlators/chimera_data_reduced.hdf5, src/matrix_element_meson.py
    output: ../JSONs/Sp4b6.5nF2nAS3mF-0.71mAS-1.01T96L20/meson_extraction_as_ps_samples.json
    conda-env: /home/niccolo/work/data_releases/data_release_chimera3/spectral_density_CB_mesons_2024/plateaus/.snakemake/conda/6df7b85c571e6e4708a9f4092d21e32b_
    shell:
        python -m src.matrix_element_meson ../input_correlators/chimera_data_reduced.hdf5 --output_file_samples ../JSONs/Sp4b6.5nF2nAS3mF-0.71mAS-1.01T96L20/meson_extraction_as_ps_samples.json --ensemble_name M3 --beta 6.5 --mF -0.71 --mAS -1.01 --Nt 96 --Ns 20 --min_trajectory 4000 --max_trajectory 52624 --trajectory_step 26 --channel as_ps --E0_plateau_start 33 --E0_plateau_end 35
        (command exited with non-zero exit code)
