Assuming unrestricted shared filesystem usage.
None
host: niccolo-HP-ProBook-450-G8-Notebook-PC
Building DAG of jobs...
Creating conda environment workflow/envs/flow_analysis.yml...
Downloading and installing remote packages.
CreateCondaEnvironmentException:
Could not create conda environment from /home/niccolo/work/data_releases/data_release_chimera2/spectral_density_CB_mesons_2024/plateaus/workflow/rules/../envs/flow_analysis.yml:
Command:
conda env create --quiet --no-default-packages --file "/home/niccolo/work/data_releases/data_release_chimera2/spectral_density_CB_mesons_2024/plateaus/.snakemake/conda/360feae6f78bc665656b5b767427c26f_.yaml" --prefix "/home/niccolo/work/data_releases/data_release_chimera2/spectral_density_CB_mesons_2024/plateaus/.snakemake/conda/360feae6f78bc665656b5b767427c26f_"
Output:
Channels:
 - conda-forge
 - defaults
Platform: linux-64
Collecting package metadata (repodata.json): ...working... done
Solving environment: ...working... done
Preparing transaction: ...working... done
Verifying transaction: ...working... done
Executing transaction: ...working... done
Installing pip dependencies: ...working... Pip subprocess error:
ERROR: Could not install packages due to an OSError: [Errno 28] No space left on device

WARNING: There was an error checking the latest version of pip.

failed

CondaEnvException: Pip failed


