Assuming unrestricted shared filesystem usage.
None
host: sl2.sunbird.supercomputingwales.ac.uk
Building DAG of jobs...
Creating conda environment workflow/envs/flow_analysis.yml...
Downloading and installing remote packages.
CreateCondaEnvironmentException:
Could not create conda environment from /scratch/s.2227764/chimera_def12/spectral_density_CB_mesons_2024/plateaus/workflow/rules/../envs/flow_analysis.yml:
Command:
conda env create --quiet --no-default-packages --file "/scratch/s.2227764/chimera_def12/spectral_density_CB_mesons_2024/plateaus/.snakemake/conda/0b31db4a2010951a246d171c3c5cf2ff_.yaml" --prefix "/scratch/s.2227764/chimera_def12/spectral_density_CB_mesons_2024/plateaus/.snakemake/conda/0b31db4a2010951a246d171c3c5cf2ff_"
Output:
Retrieving notices: ...working... done
Channels:
 - conda-forge
 - defaults
Platform: linux-64
Collecting package metadata (repodata.json): ...working... failed

NoWritablePkgsDirError: No writeable pkgs directories configured.
  - /home/s.2227764/.conda/envs/snakemake_x86/pkgs
  - /home/s.2227764/.conda/pkgs


