Assuming unrestricted shared filesystem usage.
None
host: sl1.sunbird.supercomputingwales.ac.uk
Building DAG of jobs...
Creating conda environment workflow/envs/flow_analysis.yml...
Downloading and installing remote packages.
Cleaning up conda package tarballs.
Environment for /scratch/s.2227764/chimera_def9/spectral_density_CB_mesons_2024/plateaus/workflow/rules/../envs/flow_analysis.yml created (location: .snakemake/conda/e409a8a7764a880ca8f539c4f1528c7d_)
Using shell: /usr/bin/bash
Provided cores: 6
Rules claiming more threads will be scaled down.
Job stats:
job                         count
------------------------  -------
chimera_matrix_element         30
gevp_chimera_baryon_mass       30
gevp_meson_mass                60
mass_plot                       1
meson_matrix_element           60
total                         181

Select jobs to execute...
Execute 6 jobs...
[Tue May 20 09:12:58 2025]
localrule gevp_meson_mass:
    input: ../input_correlators/chimera_data_reduced.hdf5, src/mass_gevp_meson.py
    output: ../JSONs/Sp4b6.5nF2nAS3mF-0.71mAS-1.01T96L20/meson_gevp_as_t_samples.json
    jobid: 30
    reason: Missing output files: ../JSONs/Sp4b6.5nF2nAS3mF-0.71mAS-1.01T96L20/meson_gevp_as_t_samples.json; Software environment definition has changed since last execution
    wildcards: Nc=4, beta=6.5, nF=2, nAS=3, mF=-0.71, mAS=-1.01, Nt=96, Ns=20, channel=as_t
    resources: tmpdir=/tmp

Activating conda environment: .snakemake/conda/e409a8a7764a880ca8f539c4f1528c7d_
[Tue May 20 09:12:58 2025]
localrule gevp_chimera_baryon_mass:
    input: ../input_correlators/chimera_data_reduced.hdf5, src/mass_gevp_chimera.py
    output: ../JSONs/Sp4b6.5nF2nAS3mF-0.72mAS-1.01T64L32/chimera_gevp_sigmastar_odd_samples.json
    jobid: 90
    reason: Missing output files: ../JSONs/Sp4b6.5nF2nAS3mF-0.72mAS-1.01T64L32/chimera_gevp_sigmastar_odd_samples.json; Software environment definition has changed since last execution
    wildcards: Nc=4, beta=6.5, nF=2, nAS=3, mF=-0.72, mAS=-1.01, Nt=64, Ns=32, channel=sigmastar_odd
    resources: tmpdir=/tmp

Activating conda environment: .snakemake/conda/e409a8a7764a880ca8f539c4f1528c7d_
[Tue May 20 09:12:58 2025]
localrule gevp_meson_mass:
    input: ../input_correlators/chimera_data_reduced.hdf5, src/mass_gevp_meson.py
    output: ../JSONs/Sp4b6.5nF2nAS3mF-0.71mAS-1.01T64L20/meson_gevp_as_t_samples.json
    jobid: 18
    reason: Missing output files: ../JSONs/Sp4b6.5nF2nAS3mF-0.71mAS-1.01T64L20/meson_gevp_as_t_samples.json; Software environment definition has changed since last execution
    wildcards: Nc=4, beta=6.5, nF=2, nAS=3, mF=-0.71, mAS=-1.01, Nt=64, Ns=20, channel=as_t
    resources: tmpdir=/tmp

Activating conda environment: .snakemake/conda/e409a8a7764a880ca8f539c4f1528c7d_
[Tue May 20 09:12:58 2025]
localrule gevp_chimera_baryon_mass:
    input: ../input_correlators/chimera_data_reduced.hdf5, src/mass_gevp_chimera.py
    output: ../JSONs/Sp4b6.5nF2nAS3mF-0.71mAS-1.01T96L20/chimera_gevp_sigma_even_samples.json
    jobid: 75
    reason: Missing output files: ../JSONs/Sp4b6.5nF2nAS3mF-0.71mAS-1.01T96L20/chimera_gevp_sigma_even_samples.json; Software environment definition has changed since last execution
    wildcards: Nc=4, beta=6.5, nF=2, nAS=3, mF=-0.71, mAS=-1.01, Nt=96, Ns=20, channel=sigma_even
    resources: tmpdir=/tmp

Activating conda environment: .snakemake/conda/e409a8a7764a880ca8f539c4f1528c7d_
[Tue May 20 09:12:58 2025]
localrule gevp_meson_mass:
    input: ../input_correlators/chimera_data_reduced.hdf5, src/mass_gevp_meson.py
    output: ../JSONs/Sp4b6.5nF2nAS3mF-0.72mAS-1.01T64L32/meson_gevp_as_s_samples.json
    jobid: 60
    reason: Missing output files: ../JSONs/Sp4b6.5nF2nAS3mF-0.72mAS-1.01T64L32/meson_gevp_as_s_samples.json; Software environment definition has changed since last execution
    wildcards: Nc=4, beta=6.5, nF=2, nAS=3, mF=-0.72, mAS=-1.01, Nt=64, Ns=32, channel=as_s
    resources: tmpdir=/tmp

Activating conda environment: .snakemake/conda/e409a8a7764a880ca8f539c4f1528c7d_
[Tue May 20 09:12:58 2025]
localrule gevp_meson_mass:
    input: ../input_correlators/chimera_data_reduced.hdf5, src/mass_gevp_meson.py
    output: ../JSONs/Sp4b6.5nF2nAS3mF-0.71mAS-1.01T96L20/meson_gevp_as_at_samples.json
    jobid: 34
    reason: Missing output files: ../JSONs/Sp4b6.5nF2nAS3mF-0.71mAS-1.01T96L20/meson_gevp_as_at_samples.json; Software environment definition has changed since last execution
    wildcards: Nc=4, beta=6.5, nF=2, nAS=3, mF=-0.71, mAS=-1.01, Nt=96, Ns=20, channel=as_at
    resources: tmpdir=/tmp

Activating conda environment: .snakemake/conda/e409a8a7764a880ca8f539c4f1528c7d_
Select jobs to execute...
[Tue May 20 09:13:06 2025]
Finished jobid: 60 (Rule: gevp_meson_mass)
1 of 181 steps (1%) done
Execute 1 jobs...
[Tue May 20 09:13:06 2025]
localrule meson_matrix_element:
    input: ../input_correlators/chimera_data_reduced.hdf5, src/matrix_element_meson.py
    output: ../JSONs/Sp4b6.5nF2nAS3mF-0.7mAS-1.01T64L20/meson_extraction_as_v_samples.json
    jobid: 130
    reason: Missing output files: ../JSONs/Sp4b6.5nF2nAS3mF-0.7mAS-1.01T64L20/meson_extraction_as_v_samples.json; Software environment definition has changed since last execution
    wildcards: Nc=4, beta=6.5, nF=2, nAS=3, mF=-0.7, mAS=-1.01, Nt=64, Ns=20, channel=as_v
    resources: tmpdir=/tmp

Activating conda environment: .snakemake/conda/e409a8a7764a880ca8f539c4f1528c7d_
[Tue May 20 09:13:06 2025]
Finished jobid: 90 (Rule: gevp_chimera_baryon_mass)
2 of 181 steps (1%) done
Select jobs to execute...
Execute 1 jobs...
[Tue May 20 09:13:06 2025]
localrule chimera_matrix_element:
    input: ../input_correlators/chimera_data_reduced.hdf5, src/matrix_element_chimera.py
    output: ../JSONs/Sp4b6.5nF2nAS3mF-0.71mAS-1.01T64L20/chimera_extraction_sigma_odd_samples.json
    jobid: 160
    reason: Missing output files: ../JSONs/Sp4b6.5nF2nAS3mF-0.71mAS-1.01T64L20/chimera_extraction_sigma_odd_samples.json; Software environment definition has changed since last execution
    wildcards: Nc=4, beta=6.5, nF=2, nAS=3, mF=-0.71, mAS=-1.01, Nt=64, Ns=20, channel=sigma_odd
    resources: tmpdir=/tmp

Activating conda environment: .snakemake/conda/e409a8a7764a880ca8f539c4f1528c7d_
Select jobs to execute...
Terminating processes on user request, this might take some time.
RuleException:
CalledProcessError in file "/scratch/s.2227764/chimera_def9/spectral_density_CB_mesons_2024/plateaus/workflow/rules/mass.smk", line 88:
Command 'source /home/s.2227764/.conda/envs/snakemake_x86/bin/activate '/scratch/s.2227764/chimera_def9/spectral_density_CB_mesons_2024/plateaus/.snakemake/conda/e409a8a7764a880ca8f539c4f1528c7d_'; set -euo pipefail;  python -m src.mass_gevp_meson ../input_correlators/chimera_data_reduced.hdf5 --output_file_samples ../JSONs/Sp4b6.5nF2nAS3mF-0.71mAS-1.01T96L20/meson_gevp_as_t_samples.json --ensemble_name M3 --beta 6.5 --mF -0.71 --mAS -1.01 --Nt 96 --Ns 20 --min_trajectory 4000 --max_trajectory 52624 --trajectory_step 26 --channel as_t --gevp_t0 1 --E0_plateau_start 30 --E0_plateau_end 37 --E1_plateau_start 8 --E1_plateau_end 13 --E2_plateau_start 0 --E2_plateau_end 0' died with <Signals.SIGINT: 2>.
[Tue May 20 09:13:07 2025]
Error in rule gevp_meson_mass:
    message: None
    jobid: 30
    input: ../input_correlators/chimera_data_reduced.hdf5, src/mass_gevp_meson.py
    output: ../JSONs/Sp4b6.5nF2nAS3mF-0.71mAS-1.01T96L20/meson_gevp_as_t_samples.json
    conda-env: /scratch/s.2227764/chimera_def9/spectral_density_CB_mesons_2024/plateaus/.snakemake/conda/e409a8a7764a880ca8f539c4f1528c7d_
    shell:
        python -m src.mass_gevp_meson ../input_correlators/chimera_data_reduced.hdf5 --output_file_samples ../JSONs/Sp4b6.5nF2nAS3mF-0.71mAS-1.01T96L20/meson_gevp_as_t_samples.json --ensemble_name M3 --beta 6.5 --mF -0.71 --mAS -1.01 --Nt 96 --Ns 20 --min_trajectory 4000 --max_trajectory 52624 --trajectory_step 26 --channel as_t --gevp_t0 1 --E0_plateau_start 30 --E0_plateau_end 37 --E1_plateau_start 8 --E1_plateau_end 13 --E2_plateau_start 0 --E2_plateau_end 0
        (command exited with non-zero exit code)
RuleException:
CalledProcessError in file "/scratch/s.2227764/chimera_def9/spectral_density_CB_mesons_2024/plateaus/workflow/rules/mass.smk", line 59:
Command 'source /home/s.2227764/.conda/envs/snakemake_x86/bin/activate '/scratch/s.2227764/chimera_def9/spectral_density_CB_mesons_2024/plateaus/.snakemake/conda/e409a8a7764a880ca8f539c4f1528c7d_'; set -euo pipefail;  python -m src.matrix_element_chimera ../input_correlators/chimera_data_reduced.hdf5 --output_file_samples ../JSONs/Sp4b6.5nF2nAS3mF-0.71mAS-1.01T64L20/chimera_extraction_sigma_odd_samples.json --ensemble_name M2 --beta 6.5 --mF -0.71 --mAS -1.01 --Nt 64 --Ns 20 --min_trajectory 1000 --max_trajectory 21616 --trajectory_step 28 --channel sigma_odd --E0_plateau_start 12 --E0_plateau_end 16' died with <Signals.SIGINT: 2>.
[Tue May 20 09:13:07 2025]
Error in rule chimera_matrix_element:
    message: None
    jobid: 160
    input: ../input_correlators/chimera_data_reduced.hdf5, src/matrix_element_chimera.py
    output: ../JSONs/Sp4b6.5nF2nAS3mF-0.71mAS-1.01T64L20/chimera_extraction_sigma_odd_samples.json
    conda-env: /scratch/s.2227764/chimera_def9/spectral_density_CB_mesons_2024/plateaus/.snakemake/conda/e409a8a7764a880ca8f539c4f1528c7d_
    shell:
        python -m src.matrix_element_chimera ../input_correlators/chimera_data_reduced.hdf5 --output_file_samples ../JSONs/Sp4b6.5nF2nAS3mF-0.71mAS-1.01T64L20/chimera_extraction_sigma_odd_samples.json --ensemble_name M2 --beta 6.5 --mF -0.71 --mAS -1.01 --Nt 64 --Ns 20 --min_trajectory 1000 --max_trajectory 21616 --trajectory_step 28 --channel sigma_odd --E0_plateau_start 12 --E0_plateau_end 16
        (command exited with non-zero exit code)
RuleException:
CalledProcessError in file "/scratch/s.2227764/chimera_def9/spectral_density_CB_mesons_2024/plateaus/workflow/rules/mass.smk", line 108:
Command 'source /home/s.2227764/.conda/envs/snakemake_x86/bin/activate '/scratch/s.2227764/chimera_def9/spectral_density_CB_mesons_2024/plateaus/.snakemake/conda/e409a8a7764a880ca8f539c4f1528c7d_'; set -euo pipefail;  python -m src.matrix_element_meson ../input_correlators/chimera_data_reduced.hdf5 --output_file_samples ../JSONs/Sp4b6.5nF2nAS3mF-0.7mAS-1.01T64L20/meson_extraction_as_v_samples.json --ensemble_name M4 --beta 6.5 --mF -0.7 --mAS -1.01 --Nt 64 --Ns 20 --min_trajectory 1000 --max_trajectory 22520 --trajectory_step 20 --channel as_v --E0_plateau_start 25 --E0_plateau_end 31' died with <Signals.SIGINT: 2>.
[Tue May 20 09:13:07 2025]
Error in rule meson_matrix_element:
    message: None
    jobid: 130
    input: ../input_correlators/chimera_data_reduced.hdf5, src/matrix_element_meson.py
    output: ../JSONs/Sp4b6.5nF2nAS3mF-0.7mAS-1.01T64L20/meson_extraction_as_v_samples.json
    conda-env: /scratch/s.2227764/chimera_def9/spectral_density_CB_mesons_2024/plateaus/.snakemake/conda/e409a8a7764a880ca8f539c4f1528c7d_
    shell:
        python -m src.matrix_element_meson ../input_correlators/chimera_data_reduced.hdf5 --output_file_samples ../JSONs/Sp4b6.5nF2nAS3mF-0.7mAS-1.01T64L20/meson_extraction_as_v_samples.json --ensemble_name M4 --beta 6.5 --mF -0.7 --mAS -1.01 --Nt 64 --Ns 20 --min_trajectory 1000 --max_trajectory 22520 --trajectory_step 20 --channel as_v --E0_plateau_start 25 --E0_plateau_end 31
        (command exited with non-zero exit code)
RuleException:
CalledProcessError in file "/scratch/s.2227764/chimera_def9/spectral_density_CB_mesons_2024/plateaus/workflow/rules/mass.smk", line 88:
Command 'source /home/s.2227764/.conda/envs/snakemake_x86/bin/activate '/scratch/s.2227764/chimera_def9/spectral_density_CB_mesons_2024/plateaus/.snakemake/conda/e409a8a7764a880ca8f539c4f1528c7d_'; set -euo pipefail;  python -m src.mass_gevp_meson ../input_correlators/chimera_data_reduced.hdf5 --output_file_samples ../JSONs/Sp4b6.5nF2nAS3mF-0.71mAS-1.01T96L20/meson_gevp_as_at_samples.json --ensemble_name M3 --beta 6.5 --mF -0.71 --mAS -1.01 --Nt 96 --Ns 20 --min_trajectory 4000 --max_trajectory 52624 --trajectory_step 26 --channel as_at --gevp_t0 1 --E0_plateau_start 10 --E0_plateau_end 17 --E1_plateau_start 6 --E1_plateau_end 11 --E2_plateau_start 0 --E2_plateau_end 0' died with <Signals.SIGINT: 2>.
RuleException:
CalledProcessError in file "/scratch/s.2227764/chimera_def9/spectral_density_CB_mesons_2024/plateaus/workflow/rules/mass.smk", line 88:
Command 'source /home/s.2227764/.conda/envs/snakemake_x86/bin/activate '/scratch/s.2227764/chimera_def9/spectral_density_CB_mesons_2024/plateaus/.snakemake/conda/e409a8a7764a880ca8f539c4f1528c7d_'; set -euo pipefail;  python -m src.mass_gevp_meson ../input_correlators/chimera_data_reduced.hdf5 --output_file_samples ../JSONs/Sp4b6.5nF2nAS3mF-0.71mAS-1.01T64L20/meson_gevp_as_t_samples.json --ensemble_name M2 --beta 6.5 --mF -0.71 --mAS -1.01 --Nt 64 --Ns 20 --min_trajectory 1000 --max_trajectory 21616 --trajectory_step 28 --channel as_t --gevp_t0 1 --E0_plateau_start 20 --E0_plateau_end 30 --E1_plateau_start 8 --E1_plateau_end 13 --E2_plateau_start 9 --E2_plateau_end 11' died with <Signals.SIGINT: 2>.
[Tue May 20 09:13:08 2025]
Error in rule gevp_meson_mass:
    message: None
    jobid: 34
    input: ../input_correlators/chimera_data_reduced.hdf5, src/mass_gevp_meson.py
    output: ../JSONs/Sp4b6.5nF2nAS3mF-0.71mAS-1.01T96L20/meson_gevp_as_at_samples.json
    conda-env: /scratch/s.2227764/chimera_def9/spectral_density_CB_mesons_2024/plateaus/.snakemake/conda/e409a8a7764a880ca8f539c4f1528c7d_
    shell:
        python -m src.mass_gevp_meson ../input_correlators/chimera_data_reduced.hdf5 --output_file_samples ../JSONs/Sp4b6.5nF2nAS3mF-0.71mAS-1.01T96L20/meson_gevp_as_at_samples.json --ensemble_name M3 --beta 6.5 --mF -0.71 --mAS -1.01 --Nt 96 --Ns 20 --min_trajectory 4000 --max_trajectory 52624 --trajectory_step 26 --channel as_at --gevp_t0 1 --E0_plateau_start 10 --E0_plateau_end 17 --E1_plateau_start 6 --E1_plateau_end 11 --E2_plateau_start 0 --E2_plateau_end 0
        (command exited with non-zero exit code)
[Tue May 20 09:13:08 2025]
Error in rule gevp_meson_mass:
    message: None
    jobid: 18
    input: ../input_correlators/chimera_data_reduced.hdf5, src/mass_gevp_meson.py
    output: ../JSONs/Sp4b6.5nF2nAS3mF-0.71mAS-1.01T64L20/meson_gevp_as_t_samples.json
    conda-env: /scratch/s.2227764/chimera_def9/spectral_density_CB_mesons_2024/plateaus/.snakemake/conda/e409a8a7764a880ca8f539c4f1528c7d_
    shell:
        python -m src.mass_gevp_meson ../input_correlators/chimera_data_reduced.hdf5 --output_file_samples ../JSONs/Sp4b6.5nF2nAS3mF-0.71mAS-1.01T64L20/meson_gevp_as_t_samples.json --ensemble_name M2 --beta 6.5 --mF -0.71 --mAS -1.01 --Nt 64 --Ns 20 --min_trajectory 1000 --max_trajectory 21616 --trajectory_step 28 --channel as_t --gevp_t0 1 --E0_plateau_start 20 --E0_plateau_end 30 --E1_plateau_start 8 --E1_plateau_end 13 --E2_plateau_start 9 --E2_plateau_end 11
        (command exited with non-zero exit code)
