Assuming unrestricted shared filesystem usage.
None
host: sl1.sunbird.supercomputingwales.ac.uk
Building DAG of jobs...
Using shell: /usr/bin/bash
Provided cores: 6
Rules claiming more threads will be scaled down.
Job stats:
job                         count
------------------------  -------
chimera_matrix_element         30
gevp_chimera_baryon_mass       30
gevp_meson_mass                60
mass_plot                       1
meson_matrix_element           60
total                         181

Select jobs to execute...
Execute 6 jobs...
[Mon May 19 19:08:55 2025]
localrule meson_matrix_element:
    input: ../input_correlators/chimera_data_reduced.hdf5, src/matrix_element_meson.py
    output: ../JSONs/Sp4b6.5nF2nAS3mF-0.7mAS-1.01T64L20/meson_extraction_f_at_samples.json
    jobid: 135
    reason: Missing output files: ../JSONs/Sp4b6.5nF2nAS3mF-0.7mAS-1.01T64L20/meson_extraction_f_at_samples.json
    wildcards: Nc=4, beta=6.5, nF=2, nAS=3, mF=-0.7, mAS=-1.01, Nt=64, Ns=20, channel=f_at
    resources: tmpdir=/tmp

Activating conda environment: .snakemake/conda/1224b9cbf1752c0a8b73158d064e9fca_
[Mon May 19 19:08:56 2025]
localrule gevp_chimera_baryon_mass:
    input: ../input_correlators/chimera_data_reduced.hdf5, src/mass_gevp_chimera.py
    output: ../JSONs/Sp4b6.5nF2nAS3mF-0.71mAS-1.01T96L20/chimera_gevp_sigma_even_samples.json
    jobid: 75
    reason: Missing output files: ../JSONs/Sp4b6.5nF2nAS3mF-0.71mAS-1.01T96L20/chimera_gevp_sigma_even_samples.json
    wildcards: Nc=4, beta=6.5, nF=2, nAS=3, mF=-0.71, mAS=-1.01, Nt=96, Ns=20, channel=sigma_even
    resources: tmpdir=/tmp

Activating conda environment: .snakemake/conda/1224b9cbf1752c0a8b73158d064e9fca_
[Mon May 19 19:08:56 2025]
localrule meson_matrix_element:
    input: ../input_correlators/chimera_data_reduced.hdf5, src/matrix_element_meson.py
    output: ../JSONs/Sp4b6.5nF2nAS3mF-0.71mAS-1.01T96L20/meson_extraction_as_t_samples.json
    jobid: 120
    reason: Missing output files: ../JSONs/Sp4b6.5nF2nAS3mF-0.71mAS-1.01T96L20/meson_extraction_as_t_samples.json
    wildcards: Nc=4, beta=6.5, nF=2, nAS=3, mF=-0.71, mAS=-1.01, Nt=96, Ns=20, channel=as_t
    resources: tmpdir=/tmp

Activating conda environment: .snakemake/conda/1224b9cbf1752c0a8b73158d064e9fca_
[Mon May 19 19:08:56 2025]
localrule gevp_meson_mass:
    input: ../input_correlators/chimera_data_reduced.hdf5, src/mass_gevp_meson.py
    output: ../JSONs/Sp4b6.5nF2nAS3mF-0.7mAS-1.01T64L20/meson_gevp_as_s_samples.json
    jobid: 48
    reason: Missing output files: ../JSONs/Sp4b6.5nF2nAS3mF-0.7mAS-1.01T64L20/meson_gevp_as_s_samples.json
    wildcards: Nc=4, beta=6.5, nF=2, nAS=3, mF=-0.7, mAS=-1.01, Nt=64, Ns=20, channel=as_s
    resources: tmpdir=/tmp

Activating conda environment: .snakemake/conda/1224b9cbf1752c0a8b73158d064e9fca_
[Mon May 19 19:08:56 2025]
localrule gevp_meson_mass:
    input: ../input_correlators/chimera_data_reduced.hdf5, src/mass_gevp_meson.py
    output: ../JSONs/Sp4b6.5nF2nAS3mF-0.72mAS-1.01T64L32/meson_gevp_as_s_samples.json
    jobid: 60
    reason: Missing output files: ../JSONs/Sp4b6.5nF2nAS3mF-0.72mAS-1.01T64L32/meson_gevp_as_s_samples.json
    wildcards: Nc=4, beta=6.5, nF=2, nAS=3, mF=-0.72, mAS=-1.01, Nt=64, Ns=32, channel=as_s
    resources: tmpdir=/tmp

Activating conda environment: .snakemake/conda/1224b9cbf1752c0a8b73158d064e9fca_
[Mon May 19 19:08:56 2025]
localrule gevp_meson_mass:
    input: ../input_correlators/chimera_data_reduced.hdf5, src/mass_gevp_meson.py
    output: ../JSONs/Sp4b6.5nF2nAS3mF-0.72mAS-1.01T64L32/meson_gevp_f_ps_samples.json
    jobid: 49
    reason: Missing output files: ../JSONs/Sp4b6.5nF2nAS3mF-0.72mAS-1.01T64L32/meson_gevp_f_ps_samples.json
    wildcards: Nc=4, beta=6.5, nF=2, nAS=3, mF=-0.72, mAS=-1.01, Nt=64, Ns=32, channel=f_ps
    resources: tmpdir=/tmp

Activating conda environment: .snakemake/conda/1224b9cbf1752c0a8b73158d064e9fca_
Select jobs to execute...
[Mon May 19 19:09:04 2025]
Finished jobid: 60 (Rule: gevp_meson_mass)
1 of 181 steps (1%) done
Execute 1 jobs...
[Mon May 19 19:09:05 2025]
localrule gevp_meson_mass:
    input: ../input_correlators/chimera_data_reduced.hdf5, src/mass_gevp_meson.py
    output: ../JSONs/Sp4b6.5nF2nAS3mF-0.7mAS-1.01T64L20/meson_gevp_as_v_samples.json
    jobid: 40
    reason: Missing output files: ../JSONs/Sp4b6.5nF2nAS3mF-0.7mAS-1.01T64L20/meson_gevp_as_v_samples.json
    wildcards: Nc=4, beta=6.5, nF=2, nAS=3, mF=-0.7, mAS=-1.01, Nt=64, Ns=20, channel=as_v
    resources: tmpdir=/tmp

Activating conda environment: .snakemake/conda/1224b9cbf1752c0a8b73158d064e9fca_
[Mon May 19 19:09:05 2025]
Finished jobid: 49 (Rule: gevp_meson_mass)
2 of 181 steps (1%) done
Select jobs to execute...
Execute 1 jobs...
[Mon May 19 19:09:05 2025]
localrule gevp_chimera_baryon_mass:
    input: ../input_correlators/chimera_data_reduced.hdf5, src/mass_gevp_chimera.py
    output: ../JSONs/Sp4b6.5nF2nAS3mF-0.71mAS-1.01T64L20/chimera_gevp_sigma_odd_samples.json
    jobid: 70
    reason: Missing output files: ../JSONs/Sp4b6.5nF2nAS3mF-0.71mAS-1.01T64L20/chimera_gevp_sigma_odd_samples.json
    wildcards: Nc=4, beta=6.5, nF=2, nAS=3, mF=-0.71, mAS=-1.01, Nt=64, Ns=20, channel=sigma_odd
    resources: tmpdir=/tmp

Activating conda environment: .snakemake/conda/1224b9cbf1752c0a8b73158d064e9fca_
[Mon May 19 19:09:05 2025]
Finished jobid: 48 (Rule: gevp_meson_mass)
3 of 181 steps (2%) done
Select jobs to execute...
Execute 1 jobs...
[Mon May 19 19:09:05 2025]
localrule gevp_chimera_baryon_mass:
    input: ../input_correlators/chimera_data_reduced.hdf5, src/mass_gevp_chimera.py
    output: ../JSONs/Sp4b6.5nF2nAS3mF-0.72mAS-1.01T64L32/chimera_gevp_lambda_even_samples.json
    jobid: 85
    reason: Missing output files: ../JSONs/Sp4b6.5nF2nAS3mF-0.72mAS-1.01T64L32/chimera_gevp_lambda_even_samples.json
    wildcards: Nc=4, beta=6.5, nF=2, nAS=3, mF=-0.72, mAS=-1.01, Nt=64, Ns=32, channel=lambda_even
    resources: tmpdir=/tmp

Activating conda environment: .snakemake/conda/1224b9cbf1752c0a8b73158d064e9fca_
Select jobs to execute...
[Mon May 19 19:09:10 2025]
Finished jobid: 75 (Rule: gevp_chimera_baryon_mass)
4 of 181 steps (2%) done
Execute 1 jobs...
[Mon May 19 19:09:10 2025]
localrule meson_matrix_element:
    input: ../input_correlators/chimera_data_reduced.hdf5, src/matrix_element_meson.py
    output: ../JSONs/Sp4b6.5nF2nAS3mF-0.71mAS-1.01T48L20/meson_extraction_as_at_samples.json
    jobid: 100
    reason: Missing output files: ../JSONs/Sp4b6.5nF2nAS3mF-0.71mAS-1.01T48L20/meson_extraction_as_at_samples.json
    wildcards: Nc=4, beta=6.5, nF=2, nAS=3, mF=-0.71, mAS=-1.01, Nt=48, Ns=20, channel=as_at
    resources: tmpdir=/tmp

Activating conda environment: .snakemake/conda/1224b9cbf1752c0a8b73158d064e9fca_
Select jobs to execute...
[Mon May 19 19:09:13 2025]
Finished jobid: 135 (Rule: meson_matrix_element)
5 of 181 steps (3%) done
Execute 1 jobs...
[Mon May 19 19:09:13 2025]
localrule meson_matrix_element:
    input: ../input_correlators/chimera_data_reduced.hdf5, src/matrix_element_meson.py
    output: ../JSONs/Sp4b6.5nF2nAS3mF-0.71mAS-1.01T96L20/meson_extraction_f_ps_samples.json
    jobid: 115
    reason: Missing output files: ../JSONs/Sp4b6.5nF2nAS3mF-0.71mAS-1.01T96L20/meson_extraction_f_ps_samples.json
    wildcards: Nc=4, beta=6.5, nF=2, nAS=3, mF=-0.71, mAS=-1.01, Nt=96, Ns=20, channel=f_ps
    resources: tmpdir=/tmp

Activating conda environment: .snakemake/conda/1224b9cbf1752c0a8b73158d064e9fca_
Select jobs to execute...
[Mon May 19 19:09:14 2025]
Finished jobid: 70 (Rule: gevp_chimera_baryon_mass)
6 of 181 steps (3%) done
Execute 1 jobs...
[Mon May 19 19:09:14 2025]
localrule chimera_matrix_element:
    input: ../input_correlators/chimera_data_reduced.hdf5, src/matrix_element_chimera.py
    output: ../JSONs/Sp4b6.5nF2nAS3mF-0.71mAS-1.01T48L20/chimera_extraction_lambda_odd_samples.json
    jobid: 152
    reason: Missing output files: ../JSONs/Sp4b6.5nF2nAS3mF-0.71mAS-1.01T48L20/chimera_extraction_lambda_odd_samples.json
    wildcards: Nc=4, beta=6.5, nF=2, nAS=3, mF=-0.71, mAS=-1.01, Nt=48, Ns=20, channel=lambda_odd
    resources: tmpdir=/tmp

Activating conda environment: .snakemake/conda/1224b9cbf1752c0a8b73158d064e9fca_
Select jobs to execute...
[Mon May 19 19:09:15 2025]
Finished jobid: 40 (Rule: gevp_meson_mass)
7 of 181 steps (4%) done
Execute 1 jobs...
[Mon May 19 19:09:15 2025]
localrule gevp_meson_mass:
    input: ../input_correlators/chimera_data_reduced.hdf5, src/mass_gevp_meson.py
    output: ../JSONs/Sp4b6.5nF2nAS3mF-0.72mAS-1.01T64L32/meson_gevp_f_av_samples.json
    jobid: 55
    reason: Missing output files: ../JSONs/Sp4b6.5nF2nAS3mF-0.72mAS-1.01T64L32/meson_gevp_f_av_samples.json
    wildcards: Nc=4, beta=6.5, nF=2, nAS=3, mF=-0.72, mAS=-1.01, Nt=64, Ns=32, channel=f_av
    resources: tmpdir=/tmp

Activating conda environment: .snakemake/conda/1224b9cbf1752c0a8b73158d064e9fca_
Select jobs to execute...
[Mon May 19 19:09:15 2025]
Finished jobid: 85 (Rule: gevp_chimera_baryon_mass)
8 of 181 steps (4%) done
Execute 1 jobs...
[Mon May 19 19:09:15 2025]
localrule meson_matrix_element:
    input: ../input_correlators/chimera_data_reduced.hdf5, src/matrix_element_meson.py
    output: ../JSONs/Sp4b6.5nF2nAS3mF-0.7mAS-1.01T64L20/meson_extraction_f_av_samples.json
    jobid: 133
    reason: Missing output files: ../JSONs/Sp4b6.5nF2nAS3mF-0.7mAS-1.01T64L20/meson_extraction_f_av_samples.json
    wildcards: Nc=4, beta=6.5, nF=2, nAS=3, mF=-0.7, mAS=-1.01, Nt=64, Ns=20, channel=f_av
    resources: tmpdir=/tmp

Activating conda environment: .snakemake/conda/1224b9cbf1752c0a8b73158d064e9fca_
Select jobs to execute...
[Mon May 19 19:09:19 2025]
Finished jobid: 152 (Rule: chimera_matrix_element)
9 of 181 steps (5%) done
Execute 1 jobs...
[Mon May 19 19:09:19 2025]
localrule gevp_meson_mass:
    input: ../input_correlators/chimera_data_reduced.hdf5, src/mass_gevp_meson.py
    output: ../JSONs/Sp4b6.5nF2nAS3mF-0.71mAS-1.01T96L20/meson_gevp_f_ps_samples.json
    jobid: 25
    reason: Missing output files: ../JSONs/Sp4b6.5nF2nAS3mF-0.71mAS-1.01T96L20/meson_gevp_f_ps_samples.json
    wildcards: Nc=4, beta=6.5, nF=2, nAS=3, mF=-0.71, mAS=-1.01, Nt=96, Ns=20, channel=f_ps
    resources: tmpdir=/tmp

Activating conda environment: .snakemake/conda/1224b9cbf1752c0a8b73158d064e9fca_
Select jobs to execute...
[Mon May 19 19:09:23 2025]
Finished jobid: 55 (Rule: gevp_meson_mass)
10 of 181 steps (6%) done
Execute 1 jobs...
[Mon May 19 19:09:23 2025]
localrule meson_matrix_element:
    input: ../input_correlators/chimera_data_reduced.hdf5, src/matrix_element_meson.py
    output: ../JSONs/Sp4b6.5nF2nAS3mF-0.7mAS-1.01T64L20/meson_extraction_as_at_samples.json
    jobid: 136
    reason: Missing output files: ../JSONs/Sp4b6.5nF2nAS3mF-0.7mAS-1.01T64L20/meson_extraction_as_at_samples.json
    wildcards: Nc=4, beta=6.5, nF=2, nAS=3, mF=-0.7, mAS=-1.01, Nt=64, Ns=20, channel=as_at
    resources: tmpdir=/tmp

Activating conda environment: .snakemake/conda/1224b9cbf1752c0a8b73158d064e9fca_
Select jobs to execute...
Terminating processes on user request, this might take some time.
