Assuming unrestricted shared filesystem usage.
None
host: sl1.sunbird.supercomputingwales.ac.uk
Building DAG of jobs...
Your conda installation is not configured to use strict channel priorities. This is however important for having robust and correct environments (for details, see https://conda-forge.org/docs/user/tipsandtricks.html). Please consider to configure strict priorities by executing 'conda config --set channel_priority strict'.
Using shell: /usr/bin/bash
Provided cores: 6
Rules claiming more threads will be scaled down.
Job stats:
job                         count
------------------------  -------
chimera_matrix_element         29
gevp_chimera_baryon_mass       30
gevp_meson_mass                60
mass_plot                       1
meson_matrix_element           59
total                         179

Select jobs to execute...
Execute 6 jobs...
RuleException in rule gevp_meson_mass in file "/scratch/s.2227764/chimera_def6/spectral_density_CB_mesons_2024/plateaus/workflow/rules/mass.smk", line 61:
AttributeError: 'OutputFiles' object has no attribute 'plot', when formatting the following:
python -m {params.module} {input.data} --output_file_samples {output.samples} --ensemble_name {params.metadata.ensemble_name} ```--effmass_plot_file {output.plot} --plot_styles {plot_styles}``` --beta {params.metadata.beta} --mF {params.metadata.mF} --mAS {params.metadata.mAS} --Nt {params.metadata.Nt} --Ns {params.metadata.Ns} --min_trajectory {params.metadata.init_conf} --max_trajectory {params.metadata.final_conf} --trajectory_step {params.metadata.delta_conf_spectrum} --channel {wildcards.channel} --gevp_t0 {params.metadata.gevp_t0} --E0_plateau_start {params.E0_plateau_start} --E0_plateau_end {params.E0_plateau_end} --E1_plateau_start {params.E1_plateau_start} --E1_plateau_end {params.E1_plateau_end} --E2_plateau_start {params.E2_plateau_start} --E2_plateau_end {params.E2_plateau_end}
